{"C:\\code\\tsolutions\\ecommerce\\packages\\api\\src\\__tests__\\mocks\\mockCategories.ts": {"path":"C:\\code\\tsolutions\\ecommerce\\packages\\api\\src\\__tests__\\mocks\\mockCategories.ts","statementMap":{"0":{"start":{"line":3,"column":19},"end":{"line":5,"column":37}},"1":{"start":{"line":7,"column":22},"end":{"line":7,"column":38}},"2":{"start":{"line":7,"column":28},"end":{"line":7,"column":38}},"3":{"start":{"line":10,"column":9},"end":{"line":10,"column":22}}},"fnMap":{"0":{"name":"(anonymous_0)","decl":{"start":{"line":7,"column":22},"end":{"line":7,"column":25}},"loc":{"start":{"line":7,"column":28},"end":{"line":7,"column":38}}}},"branchMap":{},"s":{"0":1,"1":1,"2":0,"3":1},"f":{"0":0},"b":{}}
,"C:\\code\\tsolutions\\ecommerce\\packages\\api\\src\\graphql\\datasources\\agendaDataSource.ts": {"path":"C:\\code\\tsolutions\\ecommerce\\packages\\api\\src\\graphql\\datasources\\agendaDataSource.ts","statementMap":{"0":{"start":{"line":2,"column":0},"end":{"line":2,"column":56}},"1":{"start":{"line":4,"column":0},"end":{"line":4,"column":36}},"2":{"start":{"line":5,"column":0},"end":{"line":5,"column":42}},"3":{"start":{"line":6,"column":0},"end":{"line":6,"column":62}},"4":{"start":{"line":7,"column":0},"end":{"line":7,"column":48}},"5":{"start":{"line":8,"column":0},"end":{"line":8,"column":66}},"6":{"start":{"line":9,"column":0},"end":{"line":9,"column":50}},"7":{"start":{"line":10,"column":0},"end":{"line":10,"column":54}},"8":{"start":{"line":14,"column":0},"end":{"line":471,"column":null}},"9":{"start":{"line":20,"column":4},"end":{"line":20,"column":12}},"10":{"start":{"line":26,"column":9},"end":{"line":32,"column":null}},"11":{"start":{"line":26,"column":29},"end":{"line":32,"column":null}},"12":{"start":{"line":27,"column":19},"end":{"line":29,"column":6}},"13":{"start":{"line":31,"column":4},"end":{"line":31,"column":62}},"14":{"start":{"line":34,"column":9},"end":{"line":49,"column":null}},"15":{"start":{"line":34,"column":51},"end":{"line":49,"column":null}},"16":{"start":{"line":35,"column":24},"end":{"line":35,"column":69}},"17":{"start":{"line":36,"column":19},"end":{"line":46,"column":6}},"18":{"start":{"line":48,"column":4},"end":{"line":48,"column":63}},"19":{"start":{"line":51,"column":9},"end":{"line":62,"column":null}},"20":{"start":{"line":51,"column":48},"end":{"line":62,"column":null}},"21":{"start":{"line":52,"column":19},"end":{"line":57,"column":6}},"22":{"start":{"line":59,"column":19},"end":{"line":59,"column":74}},"23":{"start":{"line":61,"column":4},"end":{"line":61,"column":23}},"24":{"start":{"line":64,"column":9},"end":{"line":77,"column":null}},"25":{"start":{"line":64,"column":62},"end":{"line":77,"column":null}},"26":{"start":{"line":65,"column":19},"end":{"line":73,"column":6}},"27":{"start":{"line":74,"column":19},"end":{"line":74,"column":75}},"28":{"start":{"line":76,"column":4},"end":{"line":76,"column":24}},"29":{"start":{"line":79,"column":9},"end":{"line":93,"column":null}},"30":{"start":{"line":79,"column":80},"end":{"line":93,"column":null}},"31":{"start":{"line":80,"column":24},"end":{"line":80,"column":45}},"32":{"start":{"line":81,"column":19},"end":{"line":89,"column":6}},"33":{"start":{"line":90,"column":19},"end":{"line":90,"column":75}},"34":{"start":{"line":92,"column":4},"end":{"line":92,"column":24}},"35":{"start":{"line":94,"column":9},"end":{"line":120,"column":null}},"36":{"start":{"line":94,"column":59},"end":{"line":120,"column":null}},"37":{"start":{"line":95,"column":26},"end":{"line":95,"column":77}},"38":{"start":{"line":97,"column":20},"end":{"line":99,"column":6}},"39":{"start":{"line":98,"column":6},"end":{"line":98,"column":21}},"40":{"start":{"line":101,"column":29},"end":{"line":101,"column":96}},"41":{"start":{"line":101,"column":68},"end":{"line":101,"column":81}},"42":{"start":{"line":102,"column":25},"end":{"line":102,"column":27}},"43":{"start":{"line":103,"column":4},"end":{"line":106,"column":7}},"44":{"start":{"line":104,"column":18},"end":{"line":104,"column":35}},"45":{"start":{"line":105,"column":6},"end":{"line":105,"column":43}},"46":{"start":{"line":108,"column":19},"end":{"line":115,"column":6}},"47":{"start":{"line":117,"column":20},"end":{"line":117,"column":76}},"48":{"start":{"line":119,"column":4},"end":{"line":119,"column":25}},"49":{"start":{"line":121,"column":9},"end":{"line":184,"column":null}},"50":{"start":{"line":121,"column":101},"end":{"line":184,"column":null}},"51":{"start":{"line":122,"column":24},"end":{"line":122,"column":62}},"52":{"start":{"line":123,"column":26},"end":{"line":123,"column":77}},"53":{"start":{"line":125,"column":20},"end":{"line":127,"column":6}},"54":{"start":{"line":126,"column":6},"end":{"line":126,"column":21}},"55":{"start":{"line":129,"column":29},"end":{"line":131,"column":20}},"56":{"start":{"line":130,"column":24},"end":{"line":130,"column":37}},"57":{"start":{"line":132,"column":25},"end":{"line":132,"column":27}},"58":{"start":{"line":133,"column":4},"end":{"line":136,"column":7}},"59":{"start":{"line":134,"column":18},"end":{"line":134,"column":35}},"60":{"start":{"line":135,"column":6},"end":{"line":135,"column":43}},"61":{"start":{"line":138,"column":19},"end":{"line":146,"column":6}},"62":{"start":{"line":148,"column":20},"end":{"line":148,"column":76}},"63":{"start":{"line":150,"column":19},"end":{"line":167,"column":7}},"64":{"start":{"line":150,"column":48},"end":{"line":167,"column":6}},"65":{"start":{"line":154,"column":36},"end":{"line":154,"column":56}},"66":{"start":{"line":155,"column":36},"end":{"line":155,"column":56}},"67":{"start":{"line":169,"column":4},"end":{"line":183,"column":null}},"68":{"start":{"line":170,"column":27},"end":{"line":170,"column":49}},"69":{"start":{"line":171,"column":29},"end":{"line":171,"column":31}},"70":{"start":{"line":172,"column":6},"end":{"line":175,"column":null}},"71":{"start":{"line":173,"column":20},"end":{"line":173,"column":84}},"72":{"start":{"line":174,"column":8},"end":{"line":174,"column":29}},"73":{"start":{"line":177,"column":6},"end":{"line":180,"column":8}},"74":{"start":{"line":182,"column":6},"end":{"line":182,"column":67}},"75":{"start":{"line":186,"column":9},"end":{"line":214,"column":null}},"76":{"start":{"line":191,"column":6},"end":{"line":214,"column":null}},"77":{"start":{"line":192,"column":24},"end":{"line":192,"column":62}},"78":{"start":{"line":194,"column":19},"end":{"line":202,"column":6}},"79":{"start":{"line":204,"column":20},"end":{"line":204,"column":76}},"80":{"start":{"line":206,"column":4},"end":{"line":213,"column":null}},"81":{"start":{"line":207,"column":6},"end":{"line":210,"column":8}},"82":{"start":{"line":212,"column":6},"end":{"line":212,"column":83}},"83":{"start":{"line":216,"column":9},"end":{"line":248,"column":null}},"84":{"start":{"line":216,"column":61},"end":{"line":248,"column":null}},"85":{"start":{"line":217,"column":20},"end":{"line":217,"column":82}},"86":{"start":{"line":219,"column":24},"end":{"line":219,"column":47}},"87":{"start":{"line":220,"column":33},"end":{"line":220,"column":35}},"88":{"start":{"line":221,"column":4},"end":{"line":245,"column":null}},"89":{"start":{"line":222,"column":31},"end":{"line":222,"column":88}},"90":{"start":{"line":222,"column":64},"end":{"line":222,"column":73}},"91":{"start":{"line":223,"column":27},"end":{"line":223,"column":29}},"92":{"start":{"line":224,"column":6},"end":{"line":227,"column":9}},"93":{"start":{"line":225,"column":20},"end":{"line":225,"column":33}},"94":{"start":{"line":226,"column":8},"end":{"line":226,"column":52}},"95":{"start":{"line":229,"column":21},"end":{"line":236,"column":8}},"96":{"start":{"line":238,"column":22},"end":{"line":238,"column":78}},"97":{"start":{"line":240,"column":6},"end":{"line":244,"column":8}},"98":{"start":{"line":242,"column":10},"end":{"line":242,"column":89}},"99":{"start":{"line":242,"column":59},"end":{"line":242,"column":76}},"100":{"start":{"line":247,"column":4},"end":{"line":247,"column":25}},"101":{"start":{"line":304,"column":9},"end":{"line":316,"column":null}},"102":{"start":{"line":304,"column":46},"end":{"line":316,"column":null}},"103":{"start":{"line":305,"column":31},"end":{"line":305,"column":37}},"104":{"start":{"line":306,"column":4},"end":{"line":306,"column":24}},"105":{"start":{"line":307,"column":4},"end":{"line":307,"column":44}},"106":{"start":{"line":308,"column":19},"end":{"line":311,"column":6}},"107":{"start":{"line":313,"column":4},"end":{"line":313,"column":60}},"108":{"start":{"line":315,"column":4},"end":{"line":315,"column":17}},"109":{"start":{"line":318,"column":9},"end":{"line":323,"column":null}},"110":{"start":{"line":318,"column":107},"end":{"line":323,"column":null}},"111":{"start":{"line":319,"column":28},"end":{"line":319,"column":51}},"112":{"start":{"line":320,"column":4},"end":{"line":322,"column":null}},"113":{"start":{"line":321,"column":6},"end":{"line":321,"column":62}},"114":{"start":{"line":325,"column":9},"end":{"line":369,"column":null}},"115":{"start":{"line":325,"column":105},"end":{"line":369,"column":null}},"116":{"start":{"line":326,"column":25},"end":{"line":326,"column":27}},"117":{"start":{"line":327,"column":26},"end":{"line":327,"column":28}},"118":{"start":{"line":329,"column":4},"end":{"line":355,"column":null}},"119":{"start":{"line":330,"column":27},"end":{"line":330,"column":76}},"120":{"start":{"line":332,"column":6},"end":{"line":347,"column":null}},"121":{"start":{"line":333,"column":8},"end":{"line":346,"column":11}},"122":{"start":{"line":349,"column":6},"end":{"line":354,"column":9}},"123":{"start":{"line":357,"column":24},"end":{"line":359,"column":6}},"124":{"start":{"line":361,"column":4},"end":{"line":361,"column":75}},"125":{"start":{"line":363,"column":4},"end":{"line":368,"column":null}},"126":{"start":{"line":364,"column":27},"end":{"line":366,"column":8}},"127":{"start":{"line":367,"column":6},"end":{"line":367,"column":78}},"128":{"start":{"line":371,"column":9},"end":{"line":376,"column":null}},"129":{"start":{"line":371,"column":65},"end":{"line":376,"column":null}},"130":{"start":{"line":372,"column":28},"end":{"line":372,"column":51}},"131":{"start":{"line":373,"column":4},"end":{"line":375,"column":null}},"132":{"start":{"line":374,"column":6},"end":{"line":374,"column":42}},"133":{"start":{"line":378,"column":9},"end":{"line":401,"column":null}},"134":{"start":{"line":378,"column":70},"end":{"line":401,"column":null}},"135":{"start":{"line":379,"column":26},"end":{"line":379,"column":28}},"136":{"start":{"line":380,"column":4},"end":{"line":395,"column":null}},"137":{"start":{"line":381,"column":6},"end":{"line":394,"column":9}},"138":{"start":{"line":396,"column":25},"end":{"line":398,"column":6}},"139":{"start":{"line":400,"column":4},"end":{"line":400,"column":76}},"140":{"start":{"line":403,"column":9},"end":{"line":419,"column":null}},"141":{"start":{"line":403,"column":48},"end":{"line":419,"column":null}},"142":{"start":{"line":404,"column":19},"end":{"line":417,"column":6}},"143":{"start":{"line":418,"column":4},"end":{"line":418,"column":63}},"144":{"start":{"line":421,"column":9},"end":{"line":459,"column":null}},"145":{"start":{"line":421,"column":93},"end":{"line":459,"column":null}},"146":{"start":{"line":422,"column":26},"end":{"line":422,"column":45}},"147":{"start":{"line":423,"column":27},"end":{"line":423,"column":57}},"148":{"start":{"line":424,"column":32},"end":{"line":424,"column":82}},"149":{"start":{"line":424,"column":64},"end":{"line":424,"column":81}},"150":{"start":{"line":425,"column":26},"end":{"line":425,"column":47}},"151":{"start":{"line":426,"column":30},"end":{"line":426,"column":91}},"152":{"start":{"line":426,"column":59},"end":{"line":426,"column":83}},"153":{"start":{"line":427,"column":33},"end":{"line":427,"column":114}},"154":{"start":{"line":429,"column":4},"end":{"line":429,"column":68}},"155":{"start":{"line":430,"column":19},"end":{"line":457,"column":6}},"156":{"start":{"line":458,"column":4},"end":{"line":458,"column":63}},"157":{"start":{"line":21,"column":4},"end":{"line":21,"column":79}},"158":{"start":{"line":22,"column":4},"end":{"line":22,"column":47}},"159":{"start":{"line":23,"column":4},"end":{"line":23,"column":51}},"160":{"start":{"line":467,"column":22},"end":{"line":467,"column":51}},"161":{"start":{"line":469,"column":4},"end":{"line":469,"column":58}},"162":{"start":{"line":14,"column":13},"end":{"line":471,"column":null}},"163":{"start":{"line":14,"column":13},"end":{"line":14,"column":29}}},"fnMap":{"0":{"name":"(anonymous_0)","decl":{"start":{"line":19,"column":2},"end":{"line":19,"column":null}},"loc":{"start":{"line":19,"column":2},"end":{"line":24,"column":3}}},"1":{"name":"(anonymous_1)","decl":{"start":{"line":26,"column":18},"end":{"line":26,"column":27}},"loc":{"start":{"line":26,"column":29},"end":{"line":32,"column":null}}},"2":{"name":"(anonymous_2)","decl":{"start":{"line":26,"column":29},"end":{"line":26,"column":null}},"loc":{"start":{"line":26,"column":29},"end":{"line":32,"column":3}}},"3":{"name":"(anonymous_3)","decl":{"start":{"line":34,"column":26},"end":{"line":34,"column":33}},"loc":{"start":{"line":34,"column":51},"end":{"line":49,"column":null}}},"4":{"name":"(anonymous_4)","decl":{"start":{"line":34,"column":51},"end":{"line":34,"column":null}},"loc":{"start":{"line":34,"column":51},"end":{"line":49,"column":3}}},"5":{"name":"(anonymous_5)","decl":{"start":{"line":51,"column":21},"end":{"line":51,"column":28}},"loc":{"start":{"line":51,"column":48},"end":{"line":62,"column":null}}},"6":{"name":"(anonymous_6)","decl":{"start":{"line":51,"column":48},"end":{"line":51,"column":null}},"loc":{"start":{"line":51,"column":48},"end":{"line":62,"column":3}}},"7":{"name":"(anonymous_7)","decl":{"start":{"line":64,"column":33},"end":{"line":64,"column":40}},"loc":{"start":{"line":64,"column":62},"end":{"line":77,"column":null}}},"8":{"name":"(anonymous_8)","decl":{"start":{"line":64,"column":62},"end":{"line":64,"column":null}},"loc":{"start":{"line":64,"column":62},"end":{"line":77,"column":3}}},"9":{"name":"(anonymous_9)","decl":{"start":{"line":79,"column":35},"end":{"line":79,"column":42}},"loc":{"start":{"line":79,"column":80},"end":{"line":93,"column":null}}},"10":{"name":"(anonymous_10)","decl":{"start":{"line":79,"column":80},"end":{"line":79,"column":null}},"loc":{"start":{"line":79,"column":80},"end":{"line":93,"column":3}}},"11":{"name":"(anonymous_11)","decl":{"start":{"line":94,"column":31},"end":{"line":94,"column":38}},"loc":{"start":{"line":94,"column":59},"end":{"line":120,"column":null}}},"12":{"name":"(anonymous_12)","decl":{"start":{"line":94,"column":59},"end":{"line":94,"column":null}},"loc":{"start":{"line":94,"column":59},"end":{"line":120,"column":3}}},"13":{"name":"(anonymous_13)","decl":{"start":{"line":97,"column":30},"end":{"line":97,"column":31}},"loc":{"start":{"line":97,"column":42},"end":{"line":99,"column":5}}},"14":{"name":"(anonymous_14)","decl":{"start":{"line":101,"column":55},"end":{"line":101,"column":56}},"loc":{"start":{"line":101,"column":68},"end":{"line":101,"column":81}}},"15":{"name":"(anonymous_15)","decl":{"start":{"line":103,"column":20},"end":{"line":103,"column":21}},"loc":{"start":{"line":103,"column":37},"end":{"line":106,"column":5}}},"16":{"name":"(anonymous_16)","decl":{"start":{"line":121,"column":35},"end":{"line":121,"column":42}},"loc":{"start":{"line":121,"column":101},"end":{"line":184,"column":null}}},"17":{"name":"(anonymous_17)","decl":{"start":{"line":121,"column":101},"end":{"line":121,"column":null}},"loc":{"start":{"line":121,"column":101},"end":{"line":184,"column":3}}},"18":{"name":"(anonymous_18)","decl":{"start":{"line":125,"column":30},"end":{"line":125,"column":31}},"loc":{"start":{"line":125,"column":42},"end":{"line":127,"column":5}}},"19":{"name":"(anonymous_19)","decl":{"start":{"line":130,"column":11},"end":{"line":130,"column":12}},"loc":{"start":{"line":130,"column":24},"end":{"line":130,"column":37}}},"20":{"name":"(anonymous_20)","decl":{"start":{"line":133,"column":20},"end":{"line":133,"column":21}},"loc":{"start":{"line":133,"column":37},"end":{"line":136,"column":5}}},"21":{"name":"(anonymous_21)","decl":{"start":{"line":150,"column":37},"end":{"line":150,"column":38}},"loc":{"start":{"line":150,"column":48},"end":{"line":167,"column":6}}},"22":{"name":"(anonymous_22)","decl":{"start":{"line":154,"column":29},"end":{"line":154,"column":30}},"loc":{"start":{"line":154,"column":36},"end":{"line":154,"column":56}}},"23":{"name":"(anonymous_23)","decl":{"start":{"line":155,"column":29},"end":{"line":155,"column":30}},"loc":{"start":{"line":155,"column":36},"end":{"line":155,"column":56}}},"24":{"name":"(anonymous_24)","decl":{"start":{"line":186,"column":39},"end":{"line":186,"column":null}},"loc":{"start":{"line":191,"column":6},"end":{"line":214,"column":null}}},"25":{"name":"(anonymous_25)","decl":{"start":{"line":191,"column":6},"end":{"line":191,"column":null}},"loc":{"start":{"line":191,"column":6},"end":{"line":214,"column":3}}},"26":{"name":"(anonymous_26)","decl":{"start":{"line":216,"column":32},"end":{"line":216,"column":39}},"loc":{"start":{"line":216,"column":61},"end":{"line":248,"column":null}}},"27":{"name":"(anonymous_27)","decl":{"start":{"line":216,"column":61},"end":{"line":216,"column":null}},"loc":{"start":{"line":216,"column":61},"end":{"line":248,"column":3}}},"28":{"name":"(anonymous_28)","decl":{"start":{"line":222,"column":51},"end":{"line":222,"column":52}},"loc":{"start":{"line":222,"column":64},"end":{"line":222,"column":73}}},"29":{"name":"(anonymous_29)","decl":{"start":{"line":224,"column":20},"end":{"line":224,"column":21}},"loc":{"start":{"line":224,"column":37},"end":{"line":227,"column":7}}},"30":{"name":"(anonymous_30)","decl":{"start":{"line":241,"column":29},"end":{"line":241,"column":30}},"loc":{"start":{"line":241,"column":35},"end":{"line":243,"column":9}}},"31":{"name":"(anonymous_31)","decl":{"start":{"line":242,"column":52},"end":{"line":242,"column":53}},"loc":{"start":{"line":242,"column":59},"end":{"line":242,"column":76}}},"32":{"name":"(anonymous_32)","decl":{"start":{"line":304,"column":16},"end":{"line":304,"column":23}},"loc":{"start":{"line":304,"column":46},"end":{"line":316,"column":null}}},"33":{"name":"(anonymous_33)","decl":{"start":{"line":304,"column":46},"end":{"line":304,"column":null}},"loc":{"start":{"line":304,"column":46},"end":{"line":316,"column":3}}},"34":{"name":"(anonymous_34)","decl":{"start":{"line":318,"column":23},"end":{"line":318,"column":30}},"loc":{"start":{"line":318,"column":107},"end":{"line":323,"column":null}}},"35":{"name":"(anonymous_35)","decl":{"start":{"line":318,"column":107},"end":{"line":318,"column":null}},"loc":{"start":{"line":318,"column":107},"end":{"line":323,"column":3}}},"36":{"name":"(anonymous_36)","decl":{"start":{"line":325,"column":21},"end":{"line":325,"column":28}},"loc":{"start":{"line":325,"column":105},"end":{"line":369,"column":null}}},"37":{"name":"(anonymous_37)","decl":{"start":{"line":325,"column":105},"end":{"line":325,"column":null}},"loc":{"start":{"line":325,"column":105},"end":{"line":369,"column":3}}},"38":{"name":"(anonymous_38)","decl":{"start":{"line":371,"column":25},"end":{"line":371,"column":32}},"loc":{"start":{"line":371,"column":65},"end":{"line":376,"column":null}}},"39":{"name":"(anonymous_39)","decl":{"start":{"line":371,"column":65},"end":{"line":371,"column":null}},"loc":{"start":{"line":371,"column":65},"end":{"line":376,"column":3}}},"40":{"name":"(anonymous_40)","decl":{"start":{"line":378,"column":30},"end":{"line":378,"column":37}},"loc":{"start":{"line":378,"column":70},"end":{"line":401,"column":null}}},"41":{"name":"(anonymous_41)","decl":{"start":{"line":378,"column":70},"end":{"line":378,"column":null}},"loc":{"start":{"line":378,"column":70},"end":{"line":401,"column":3}}},"42":{"name":"(anonymous_42)","decl":{"start":{"line":403,"column":18},"end":{"line":403,"column":25}},"loc":{"start":{"line":403,"column":48},"end":{"line":419,"column":null}}},"43":{"name":"(anonymous_43)","decl":{"start":{"line":403,"column":48},"end":{"line":403,"column":null}},"loc":{"start":{"line":403,"column":48},"end":{"line":419,"column":3}}},"44":{"name":"(anonymous_44)","decl":{"start":{"line":421,"column":31},"end":{"line":421,"column":38}},"loc":{"start":{"line":421,"column":93},"end":{"line":459,"column":null}}},"45":{"name":"(anonymous_45)","decl":{"start":{"line":421,"column":93},"end":{"line":421,"column":null}},"loc":{"start":{"line":421,"column":93},"end":{"line":459,"column":3}}},"46":{"name":"(anonymous_46)","decl":{"start":{"line":424,"column":57},"end":{"line":424,"column":58}},"loc":{"start":{"line":424,"column":64},"end":{"line":424,"column":81}}},"47":{"name":"(anonymous_47)","decl":{"start":{"line":426,"column":52},"end":{"line":426,"column":53}},"loc":{"start":{"line":426,"column":59},"end":{"line":426,"column":83}}},"48":{"name":"(anonymous_48)","decl":{"start":{"line":466,"column":10},"end":{"line":466,"column":22}},"loc":{"start":{"line":466,"column":22},"end":{"line":470,"column":3}}}},"branchMap":{"0":{"loc":{"start":{"line":169,"column":4},"end":{"line":183,"column":null}},"type":"if","locations":[{"start":{"line":169,"column":4},"end":{"line":183,"column":null}},{"start":{"line":169,"column":4},"end":{"line":183,"column":null}}]},"1":{"loc":{"start":{"line":206,"column":4},"end":{"line":213,"column":null}},"type":"if","locations":[{"start":{"line":206,"column":4},"end":{"line":213,"column":null}},{"start":{"line":206,"column":4},"end":{"line":213,"column":null}}]},"2":{"loc":{"start":{"line":332,"column":6},"end":{"line":347,"column":null}},"type":"if","locations":[{"start":{"line":332,"column":6},"end":{"line":347,"column":null}},{"start":{"line":332,"column":6},"end":{"line":347,"column":null}}]},"3":{"loc":{"start":{"line":363,"column":4},"end":{"line":368,"column":null}},"type":"if","locations":[{"start":{"line":363,"column":4},"end":{"line":368,"column":null}},{"start":{"line":363,"column":4},"end":{"line":368,"column":null}}]},"4":{"loc":{"start":{"line":427,"column":47},"end":{"line":427,"column":59}},"type":"cond-expr","locations":[{"start":{"line":427,"column":47},"end":{"line":427,"column":59}},{"start":{"line":427,"column":62},"end":{"line":427,"column":114}}]},"5":{"loc":{"start":{"line":427,"column":88},"end":{"line":427,"column":100}},"type":"cond-expr","locations":[{"start":{"line":427,"column":88},"end":{"line":427,"column":100}},{"start":{"line":427,"column":103},"end":{"line":427,"column":114}}]},"6":{"loc":{"start":{"line":450,"column":34},"end":{"line":450,"column":50}},"type":"cond-expr","locations":[{"start":{"line":450,"column":34},"end":{"line":450,"column":50}},{"start":{"line":450,"column":53},"end":{"line":450,"column":60}}]},"7":{"loc":{"start":{"line":452,"column":34},"end":{"line":452,"column":50}},"type":"cond-expr","locations":[{"start":{"line":452,"column":34},"end":{"line":452,"column":50}},{"start":{"line":452,"column":53},"end":{"line":452,"column":62}}]},"8":{"loc":{"start":{"line":469,"column":43},"end":{"line":469,"column":52}},"type":"cond-expr","locations":[{"start":{"line":469,"column":43},"end":{"line":469,"column":52}},{"start":{"line":469,"column":55},"end":{"line":469,"column":57}}]}},"s":{"0":1,"1":1,"2":1,"3":1,"4":1,"5":1,"6":1,"7":1,"8":1,"9":0,"10":0,"11":0,"12":0,"13":0,"14":0,"15":0,"16":0,"17":0,"18":0,"19":0,"20":0,"21":0,"22":0,"23":0,"24":0,"25":0,"26":0,"27":0,"28":0,"29":0,"30":0,"31":0,"32":0,"33":0,"34":0,"35":0,"36":0,"37":0,"38":0,"39":0,"40":0,"41":0,"42":0,"43":0,"44":0,"45":0,"46":0,"47":0,"48":0,"49":0,"50":0,"51":0,"52":0,"53":0,"54":0,"55":0,"56":0,"57":0,"58":0,"59":0,"60":0,"61":0,"62":0,"63":0,"64":0,"65":0,"66":0,"67":0,"68":0,"69":0,"70":0,"71":0,"72":0,"73":0,"74":0,"75":0,"76":0,"77":0,"78":0,"79":0,"80":0,"81":0,"82":0,"83":0,"84":0,"85":0,"86":0,"87":0,"88":0,"89":0,"90":0,"91":0,"92":0,"93":0,"94":0,"95":0,"96":0,"97":0,"98":0,"99":0,"100":0,"101":0,"102":0,"103":0,"104":0,"105":0,"106":0,"107":0,"108":0,"109":0,"110":0,"111":0,"112":0,"113":0,"114":0,"115":0,"116":0,"117":0,"118":0,"119":0,"120":0,"121":0,"122":0,"123":0,"124":0,"125":0,"126":0,"127":0,"128":0,"129":0,"130":0,"131":0,"132":0,"133":0,"134":0,"135":0,"136":0,"137":0,"138":0,"139":0,"140":0,"141":0,"142":0,"143":0,"144":0,"145":0,"146":0,"147":0,"148":0,"149":0,"150":0,"151":0,"152":0,"153":0,"154":0,"155":0,"156":0,"157":0,"158":0,"159":0,"160":0,"161":0,"162":1,"163":1},"f":{"0":0,"1":0,"2":0,"3":0,"4":0,"5":0,"6":0,"7":0,"8":0,"9":0,"10":0,"11":0,"12":0,"13":0,"14":0,"15":0,"16":0,"17":0,"18":0,"19":0,"20":0,"21":0,"22":0,"23":0,"24":0,"25":0,"26":0,"27":0,"28":0,"29":0,"30":0,"31":0,"32":0,"33":0,"34":0,"35":0,"36":0,"37":0,"38":0,"39":0,"40":0,"41":0,"42":0,"43":0,"44":0,"45":0,"46":0,"47":0,"48":0},"b":{"0":[0,0],"1":[0,0],"2":[0,0],"3":[0,0],"4":[0,0],"5":[0,0],"6":[0,0],"7":[0,0],"8":[0,0]}}
,"C:\\code\\tsolutions\\ecommerce\\packages\\api\\src\\graphql\\datasources\\campaignDataSource.ts": {"path":"C:\\code\\tsolutions\\ecommerce\\packages\\api\\src\\graphql\\datasources\\campaignDataSource.ts","statementMap":{"0":{"start":{"line":2,"column":0},"end":{"line":2,"column":56}},"1":{"start":{"line":4,"column":0},"end":{"line":4,"column":36}},"2":{"start":{"line":5,"column":0},"end":{"line":5,"column":42}},"3":{"start":{"line":6,"column":0},"end":{"line":6,"column":62}},"4":{"start":{"line":7,"column":0},"end":{"line":7,"column":45}},"5":{"start":{"line":8,"column":0},"end":{"line":8,"column":37}},"6":{"start":{"line":11,"column":0},"end":{"line":88,"column":null}},"7":{"start":{"line":16,"column":4},"end":{"line":16,"column":12}},"8":{"start":{"line":21,"column":9},"end":{"line":27,"column":null}},"9":{"start":{"line":21,"column":38},"end":{"line":27,"column":null}},"10":{"start":{"line":22,"column":19},"end":{"line":24,"column":6}},"11":{"start":{"line":26,"column":4},"end":{"line":26,"column":62}},"12":{"start":{"line":29,"column":9},"end":{"line":40,"column":null}},"13":{"start":{"line":29,"column":52},"end":{"line":40,"column":null}},"14":{"start":{"line":30,"column":19},"end":{"line":35,"column":6}},"15":{"start":{"line":37,"column":19},"end":{"line":37,"column":74}},"16":{"start":{"line":39,"column":4},"end":{"line":39,"column":23}},"17":{"start":{"line":42,"column":9},"end":{"line":60,"column":null}},"18":{"start":{"line":42,"column":50},"end":{"line":60,"column":null}},"19":{"start":{"line":43,"column":30},"end":{"line":43,"column":49}},"20":{"start":{"line":44,"column":23},"end":{"line":44,"column":31}},"21":{"start":{"line":45,"column":27},"end":{"line":55,"column":6}},"22":{"start":{"line":57,"column":4},"end":{"line":57,"column":71}},"23":{"start":{"line":59,"column":4},"end":{"line":59,"column":68}},"24":{"start":{"line":62,"column":9},"end":{"line":76,"column":null}},"25":{"start":{"line":62,"column":52},"end":{"line":76,"column":null}},"26":{"start":{"line":63,"column":19},"end":{"line":74,"column":6}},"27":{"start":{"line":75,"column":4},"end":{"line":75,"column":63}},"28":{"start":{"line":17,"column":4},"end":{"line":17,"column":79}},"29":{"start":{"line":18,"column":4},"end":{"line":18,"column":49}},"30":{"start":{"line":84,"column":22},"end":{"line":84,"column":54}},"31":{"start":{"line":86,"column":4},"end":{"line":86,"column":58}},"32":{"start":{"line":11,"column":13},"end":{"line":88,"column":null}},"33":{"start":{"line":11,"column":13},"end":{"line":11,"column":31}}},"fnMap":{"0":{"name":"(anonymous_0)","decl":{"start":{"line":15,"column":2},"end":{"line":15,"column":null}},"loc":{"start":{"line":15,"column":2},"end":{"line":19,"column":3}}},"1":{"name":"(anonymous_1)","decl":{"start":{"line":21,"column":27},"end":{"line":21,"column":36}},"loc":{"start":{"line":21,"column":38},"end":{"line":27,"column":null}}},"2":{"name":"(anonymous_2)","decl":{"start":{"line":21,"column":38},"end":{"line":21,"column":null}},"loc":{"start":{"line":21,"column":38},"end":{"line":27,"column":3}}},"3":{"name":"(anonymous_3)","decl":{"start":{"line":29,"column":23},"end":{"line":29,"column":30}},"loc":{"start":{"line":29,"column":52},"end":{"line":40,"column":null}}},"4":{"name":"(anonymous_4)","decl":{"start":{"line":29,"column":52},"end":{"line":29,"column":null}},"loc":{"start":{"line":29,"column":52},"end":{"line":40,"column":3}}},"5":{"name":"(anonymous_5)","decl":{"start":{"line":42,"column":16},"end":{"line":42,"column":23}},"loc":{"start":{"line":42,"column":50},"end":{"line":60,"column":null}}},"6":{"name":"(anonymous_6)","decl":{"start":{"line":42,"column":50},"end":{"line":42,"column":null}},"loc":{"start":{"line":42,"column":50},"end":{"line":60,"column":3}}},"7":{"name":"(anonymous_7)","decl":{"start":{"line":62,"column":18},"end":{"line":62,"column":25}},"loc":{"start":{"line":62,"column":52},"end":{"line":76,"column":null}}},"8":{"name":"(anonymous_8)","decl":{"start":{"line":62,"column":52},"end":{"line":62,"column":null}},"loc":{"start":{"line":62,"column":52},"end":{"line":76,"column":3}}},"9":{"name":"(anonymous_9)","decl":{"start":{"line":83,"column":10},"end":{"line":83,"column":22}},"loc":{"start":{"line":83,"column":22},"end":{"line":87,"column":3}}}},"branchMap":{"0":{"loc":{"start":{"line":86,"column":43},"end":{"line":86,"column":52}},"type":"cond-expr","locations":[{"start":{"line":86,"column":43},"end":{"line":86,"column":52}},{"start":{"line":86,"column":55},"end":{"line":86,"column":57}}]}},"s":{"0":1,"1":1,"2":1,"3":1,"4":1,"5":1,"6":1,"7":0,"8":0,"9":0,"10":0,"11":0,"12":0,"13":0,"14":0,"15":0,"16":0,"17":0,"18":0,"19":0,"20":0,"21":0,"22":0,"23":0,"24":0,"25":0,"26":0,"27":0,"28":0,"29":0,"30":0,"31":0,"32":1,"33":1},"f":{"0":0,"1":0,"2":0,"3":0,"4":0,"5":0,"6":0,"7":0,"8":0,"9":0},"b":{"0":[0,0]}}
,"C:\\code\\tsolutions\\ecommerce\\packages\\api\\src\\graphql\\datasources\\categoryDataSource.ts": {"path":"C:\\code\\tsolutions\\ecommerce\\packages\\api\\src\\graphql\\datasources\\categoryDataSource.ts","statementMap":{"0":{"start":{"line":2,"column":0},"end":{"line":2,"column":56}},"1":{"start":{"line":4,"column":0},"end":{"line":4,"column":36}},"2":{"start":{"line":5,"column":0},"end":{"line":5,"column":42}},"3":{"start":{"line":6,"column":0},"end":{"line":6,"column":62}},"4":{"start":{"line":8,"column":0},"end":{"line":8,"column":37}},"5":{"start":{"line":11,"column":0},"end":{"line":81,"column":null}},"6":{"start":{"line":16,"column":8},"end":{"line":16,"column":16}},"7":{"start":{"line":21,"column":11},"end":{"line":28,"column":null}},"8":{"start":{"line":21,"column":31},"end":{"line":28,"column":null}},"9":{"start":{"line":22,"column":23},"end":{"line":24,"column":10}},"10":{"start":{"line":25,"column":23},"end":{"line":25,"column":79}},"11":{"start":{"line":27,"column":8},"end":{"line":27,"column":28}},"12":{"start":{"line":30,"column":11},"end":{"line":41,"column":null}},"13":{"start":{"line":30,"column":54},"end":{"line":41,"column":null}},"14":{"start":{"line":31,"column":23},"end":{"line":36,"column":10}},"15":{"start":{"line":38,"column":23},"end":{"line":38,"column":78}},"16":{"start":{"line":40,"column":8},"end":{"line":40,"column":27}},"17":{"start":{"line":43,"column":11},"end":{"line":53,"column":null}},"18":{"start":{"line":43,"column":52},"end":{"line":53,"column":null}},"19":{"start":{"line":44,"column":8},"end":{"line":44,"column":31}},"20":{"start":{"line":45,"column":23},"end":{"line":50,"column":10}},"21":{"start":{"line":52,"column":8},"end":{"line":52,"column":64}},"22":{"start":{"line":17,"column":8},"end":{"line":17,"column":83}},"23":{"start":{"line":18,"column":8},"end":{"line":18,"column":53}},"24":{"start":{"line":77,"column":26},"end":{"line":77,"column":59}},"25":{"start":{"line":79,"column":8},"end":{"line":79,"column":62}},"26":{"start":{"line":11,"column":13},"end":{"line":81,"column":null}},"27":{"start":{"line":11,"column":13},"end":{"line":11,"column":31}}},"fnMap":{"0":{"name":"(anonymous_0)","decl":{"start":{"line":15,"column":4},"end":{"line":15,"column":null}},"loc":{"start":{"line":15,"column":4},"end":{"line":19,"column":5}}},"1":{"name":"(anonymous_1)","decl":{"start":{"line":21,"column":20},"end":{"line":21,"column":29}},"loc":{"start":{"line":21,"column":31},"end":{"line":28,"column":null}}},"2":{"name":"(anonymous_2)","decl":{"start":{"line":21,"column":31},"end":{"line":21,"column":null}},"loc":{"start":{"line":21,"column":31},"end":{"line":28,"column":5}}},"3":{"name":"(anonymous_3)","decl":{"start":{"line":30,"column":25},"end":{"line":30,"column":32}},"loc":{"start":{"line":30,"column":54},"end":{"line":41,"column":null}}},"4":{"name":"(anonymous_4)","decl":{"start":{"line":30,"column":54},"end":{"line":30,"column":null}},"loc":{"start":{"line":30,"column":54},"end":{"line":41,"column":5}}},"5":{"name":"(anonymous_5)","decl":{"start":{"line":43,"column":18},"end":{"line":43,"column":25}},"loc":{"start":{"line":43,"column":52},"end":{"line":53,"column":null}}},"6":{"name":"(anonymous_6)","decl":{"start":{"line":43,"column":52},"end":{"line":43,"column":null}},"loc":{"start":{"line":43,"column":52},"end":{"line":53,"column":5}}},"7":{"name":"(anonymous_7)","decl":{"start":{"line":76,"column":12},"end":{"line":76,"column":24}},"loc":{"start":{"line":76,"column":24},"end":{"line":80,"column":5}}}},"branchMap":{"0":{"loc":{"start":{"line":79,"column":47},"end":{"line":79,"column":56}},"type":"cond-expr","locations":[{"start":{"line":79,"column":47},"end":{"line":79,"column":56}},{"start":{"line":79,"column":59},"end":{"line":79,"column":61}}]}},"s":{"0":1,"1":1,"2":1,"3":1,"4":1,"5":1,"6":0,"7":0,"8":0,"9":0,"10":0,"11":0,"12":0,"13":0,"14":0,"15":0,"16":0,"17":0,"18":0,"19":0,"20":0,"21":0,"22":0,"23":0,"24":0,"25":0,"26":1,"27":1},"f":{"0":0,"1":0,"2":0,"3":0,"4":0,"5":0,"6":0,"7":0},"b":{"0":[0,0]}}
,"C:\\code\\tsolutions\\ecommerce\\packages\\api\\src\\graphql\\datasources\\companyDataSource.ts": {"path":"C:\\code\\tsolutions\\ecommerce\\packages\\api\\src\\graphql\\datasources\\companyDataSource.ts","statementMap":{"0":{"start":{"line":2,"column":0},"end":{"line":2,"column":56}},"1":{"start":{"line":4,"column":0},"end":{"line":4,"column":36}},"2":{"start":{"line":5,"column":0},"end":{"line":5,"column":42}},"3":{"start":{"line":6,"column":0},"end":{"line":6,"column":62}},"4":{"start":{"line":7,"column":0},"end":{"line":7,"column":45}},"5":{"start":{"line":10,"column":0},"end":{"line":82,"column":null}},"6":{"start":{"line":14,"column":4},"end":{"line":14,"column":12}},"7":{"start":{"line":18,"column":9},"end":{"line":24,"column":null}},"8":{"start":{"line":18,"column":38},"end":{"line":24,"column":null}},"9":{"start":{"line":19,"column":19},"end":{"line":21,"column":6}},"10":{"start":{"line":23,"column":4},"end":{"line":23,"column":76}},"11":{"start":{"line":26,"column":9},"end":{"line":37,"column":null}},"12":{"start":{"line":26,"column":50},"end":{"line":37,"column":null}},"13":{"start":{"line":27,"column":19},"end":{"line":32,"column":6}},"14":{"start":{"line":34,"column":19},"end":{"line":34,"column":74}},"15":{"start":{"line":36,"column":4},"end":{"line":36,"column":23}},"16":{"start":{"line":39,"column":9},"end":{"line":53,"column":null}},"17":{"start":{"line":39,"column":48},"end":{"line":53,"column":null}},"18":{"start":{"line":40,"column":32},"end":{"line":40,"column":39}},"19":{"start":{"line":41,"column":26},"end":{"line":41,"column":45}},"20":{"start":{"line":43,"column":4},"end":{"line":43,"column":24}},"21":{"start":{"line":44,"column":4},"end":{"line":44,"column":30}},"22":{"start":{"line":45,"column":4},"end":{"line":45,"column":30}},"23":{"start":{"line":47,"column":19},"end":{"line":50,"column":6}},"24":{"start":{"line":52,"column":4},"end":{"line":52,"column":60}},"25":{"start":{"line":55,"column":9},"end":{"line":70,"column":null}},"26":{"start":{"line":55,"column":50},"end":{"line":70,"column":null}},"27":{"start":{"line":56,"column":26},"end":{"line":56,"column":45}},"28":{"start":{"line":57,"column":19},"end":{"line":68,"column":6}},"29":{"start":{"line":69,"column":4},"end":{"line":69,"column":63}},"30":{"start":{"line":15,"column":4},"end":{"line":15,"column":79}},"31":{"start":{"line":78,"column":22},"end":{"line":78,"column":54}},"32":{"start":{"line":80,"column":4},"end":{"line":80,"column":58}},"33":{"start":{"line":10,"column":13},"end":{"line":82,"column":null}},"34":{"start":{"line":10,"column":13},"end":{"line":10,"column":30}}},"fnMap":{"0":{"name":"(anonymous_0)","decl":{"start":{"line":13,"column":2},"end":{"line":13,"column":null}},"loc":{"start":{"line":13,"column":2},"end":{"line":16,"column":3}}},"1":{"name":"(anonymous_1)","decl":{"start":{"line":18,"column":27},"end":{"line":18,"column":36}},"loc":{"start":{"line":18,"column":38},"end":{"line":24,"column":null}}},"2":{"name":"(anonymous_2)","decl":{"start":{"line":18,"column":38},"end":{"line":18,"column":null}},"loc":{"start":{"line":18,"column":38},"end":{"line":24,"column":3}}},"3":{"name":"(anonymous_3)","decl":{"start":{"line":26,"column":22},"end":{"line":26,"column":29}},"loc":{"start":{"line":26,"column":50},"end":{"line":37,"column":null}}},"4":{"name":"(anonymous_4)","decl":{"start":{"line":26,"column":50},"end":{"line":26,"column":null}},"loc":{"start":{"line":26,"column":50},"end":{"line":37,"column":3}}},"5":{"name":"(anonymous_5)","decl":{"start":{"line":39,"column":16},"end":{"line":39,"column":23}},"loc":{"start":{"line":39,"column":48},"end":{"line":53,"column":null}}},"6":{"name":"(anonymous_6)","decl":{"start":{"line":39,"column":48},"end":{"line":39,"column":null}},"loc":{"start":{"line":39,"column":48},"end":{"line":53,"column":3}}},"7":{"name":"(anonymous_7)","decl":{"start":{"line":55,"column":18},"end":{"line":55,"column":25}},"loc":{"start":{"line":55,"column":50},"end":{"line":70,"column":null}}},"8":{"name":"(anonymous_8)","decl":{"start":{"line":55,"column":50},"end":{"line":55,"column":null}},"loc":{"start":{"line":55,"column":50},"end":{"line":70,"column":3}}},"9":{"name":"(anonymous_9)","decl":{"start":{"line":77,"column":10},"end":{"line":77,"column":22}},"loc":{"start":{"line":77,"column":22},"end":{"line":81,"column":3}}}},"branchMap":{"0":{"loc":{"start":{"line":80,"column":43},"end":{"line":80,"column":52}},"type":"cond-expr","locations":[{"start":{"line":80,"column":43},"end":{"line":80,"column":52}},{"start":{"line":80,"column":55},"end":{"line":80,"column":57}}]}},"s":{"0":1,"1":1,"2":1,"3":1,"4":1,"5":1,"6":0,"7":0,"8":0,"9":0,"10":0,"11":0,"12":0,"13":0,"14":0,"15":0,"16":0,"17":0,"18":0,"19":0,"20":0,"21":0,"22":0,"23":0,"24":0,"25":0,"26":0,"27":0,"28":0,"29":0,"30":0,"31":0,"32":0,"33":1,"34":1},"f":{"0":0,"1":0,"2":0,"3":0,"4":0,"5":0,"6":0,"7":0,"8":0,"9":0},"b":{"0":[0,0]}}
,"C:\\code\\tsolutions\\ecommerce\\packages\\api\\src\\graphql\\datasources\\elasticSearchDataSource.ts": {"path":"C:\\code\\tsolutions\\ecommerce\\packages\\api\\src\\graphql\\datasources\\elasticSearchDataSource.ts","statementMap":{"0":{"start":{"line":1,"column":0},"end":{"line":1,"column":54}},"1":{"start":{"line":2,"column":0},"end":{"line":2,"column":40}},"2":{"start":{"line":3,"column":0},"end":{"line":3,"column":36}},"3":{"start":{"line":6,"column":0},"end":{"line":81,"column":null}},"4":{"start":{"line":9,"column":4},"end":{"line":9,"column":12}},"5":{"start":{"line":21,"column":9},"end":{"line":39,"column":null}},"6":{"start":{"line":21,"column":71},"end":{"line":39,"column":null}},"7":{"start":{"line":22,"column":17},"end":{"line":30,"column":6}},"8":{"start":{"line":32,"column":17},"end":{"line":36,"column":6}},"9":{"start":{"line":38,"column":4},"end":{"line":38,"column":16}},"10":{"start":{"line":41,"column":9},"end":{"line":61,"column":null}},"11":{"start":{"line":41,"column":79},"end":{"line":61,"column":null}},"12":{"start":{"line":42,"column":17},"end":{"line":52,"column":6}},"13":{"start":{"line":54,"column":17},"end":{"line":58,"column":6}},"14":{"start":{"line":60,"column":4},"end":{"line":60,"column":16}},"15":{"start":{"line":63,"column":9},"end":{"line":80,"column":null}},"16":{"start":{"line":63,"column":104},"end":{"line":80,"column":null}},"17":{"start":{"line":64,"column":17},"end":{"line":71,"column":6}},"18":{"start":{"line":73,"column":17},"end":{"line":77,"column":6}},"19":{"start":{"line":79,"column":4},"end":{"line":79,"column":48}},"20":{"start":{"line":79,"column":37},"end":{"line":79,"column":46}},"21":{"start":{"line":10,"column":4},"end":{"line":18,"column":14}},"22":{"start":{"line":6,"column":13},"end":{"line":81,"column":null}},"23":{"start":{"line":6,"column":13},"end":{"line":6,"column":36}}},"fnMap":{"0":{"name":"(anonymous_0)","decl":{"start":{"line":8,"column":2},"end":{"line":8,"column":null}},"loc":{"start":{"line":8,"column":2},"end":{"line":19,"column":3}}},"1":{"name":"(anonymous_1)","decl":{"start":{"line":21,"column":18},"end":{"line":21,"column":25}},"loc":{"start":{"line":21,"column":71},"end":{"line":39,"column":null}}},"2":{"name":"(anonymous_2)","decl":{"start":{"line":21,"column":71},"end":{"line":21,"column":null}},"loc":{"start":{"line":21,"column":71},"end":{"line":39,"column":3}}},"3":{"name":"(anonymous_3)","decl":{"start":{"line":41,"column":26},"end":{"line":41,"column":33}},"loc":{"start":{"line":41,"column":79},"end":{"line":61,"column":null}}},"4":{"name":"(anonymous_4)","decl":{"start":{"line":41,"column":79},"end":{"line":41,"column":null}},"loc":{"start":{"line":41,"column":79},"end":{"line":61,"column":3}}},"5":{"name":"(anonymous_5)","decl":{"start":{"line":63,"column":31},"end":{"line":63,"column":38}},"loc":{"start":{"line":63,"column":104},"end":{"line":80,"column":null}}},"6":{"name":"(anonymous_6)","decl":{"start":{"line":63,"column":104},"end":{"line":63,"column":null}},"loc":{"start":{"line":63,"column":104},"end":{"line":80,"column":3}}},"7":{"name":"(anonymous_7)","decl":{"start":{"line":79,"column":30},"end":{"line":79,"column":31}},"loc":{"start":{"line":79,"column":37},"end":{"line":79,"column":46}}}},"branchMap":{},"s":{"0":1,"1":1,"2":1,"3":1,"4":0,"5":0,"6":0,"7":0,"8":0,"9":0,"10":0,"11":0,"12":0,"13":0,"14":0,"15":0,"16":0,"17":0,"18":0,"19":0,"20":0,"21":0,"22":1,"23":1},"f":{"0":0,"1":0,"2":0,"3":0,"4":0,"5":0,"6":0,"7":0},"b":{}}
,"C:\\code\\tsolutions\\ecommerce\\packages\\api\\src\\graphql\\datasources\\index.ts": {"path":"C:\\code\\tsolutions\\ecommerce\\packages\\api\\src\\graphql\\datasources\\index.ts","statementMap":{"0":{"start":{"line":1,"column":0},"end":{"line":1,"column":35}},"1":{"start":{"line":2,"column":0},"end":{"line":2,"column":33}},"2":{"start":{"line":3,"column":0},"end":{"line":3,"column":34}},"3":{"start":{"line":4,"column":0},"end":{"line":4,"column":34}},"4":{"start":{"line":5,"column":0},"end":{"line":5,"column":35}},"5":{"start":{"line":6,"column":0},"end":{"line":6,"column":25}},"6":{"start":{"line":7,"column":0},"end":{"line":7,"column":36}},"7":{"start":{"line":8,"column":0},"end":{"line":8,"column":37}},"8":{"start":{"line":9,"column":0},"end":{"line":9,"column":36}},"9":{"start":{"line":10,"column":0},"end":{"line":10,"column":34}},"10":{"start":{"line":11,"column":0},"end":{"line":11,"column":42}},"11":{"start":{"line":12,"column":0},"end":{"line":12,"column":42}},"12":{"start":{"line":13,"column":0},"end":{"line":13,"column":36}},"13":{"start":{"line":14,"column":0},"end":{"line":14,"column":37}}},"fnMap":{},"branchMap":{},"s":{"0":1,"1":1,"2":1,"3":1,"4":1,"5":1,"6":1,"7":1,"8":1,"9":1,"10":1,"11":1,"12":1,"13":1},"f":{},"b":{}}
,"C:\\code\\tsolutions\\ecommerce\\packages\\api\\src\\graphql\\datasources\\mapbox.ts": {"path":"C:\\code\\tsolutions\\ecommerce\\packages\\api\\src\\graphql\\datasources\\mapbox.ts","statementMap":{"0":{"start":{"line":1,"column":0},"end":{"line":1,"column":54}},"1":{"start":{"line":2,"column":0},"end":{"line":2,"column":40}},"2":{"start":{"line":5,"column":0},"end":{"line":20,"column":null}},"3":{"start":{"line":9,"column":4},"end":{"line":9,"column":12}},"4":{"start":{"line":6,"column":10},"end":{"line":6,"column":29}},"5":{"start":{"line":16,"column":9},"end":{"line":16,"column":114}},"6":{"start":{"line":16,"column":53},"end":{"line":16,"column":114}},"7":{"start":{"line":16,"column":54},"end":{"line":16,"column":114}},"8":{"start":{"line":18,"column":9},"end":{"line":19,"column":null}},"9":{"start":{"line":18,"column":49},"end":{"line":19,"column":null}},"10":{"start":{"line":19,"column":4},"end":{"line":19,"column":null}},"11":{"start":{"line":10,"column":4},"end":{"line":10,"column":45}},"12":{"start":{"line":11,"column":4},"end":{"line":11,"column":113}},"13":{"start":{"line":5,"column":13},"end":{"line":20,"column":null}},"14":{"start":{"line":5,"column":13},"end":{"line":5,"column":29}}},"fnMap":{"0":{"name":"(anonymous_0)","decl":{"start":{"line":8,"column":2},"end":{"line":8,"column":null}},"loc":{"start":{"line":8,"column":2},"end":{"line":14,"column":3}}},"1":{"name":"(anonymous_1)","decl":{"start":{"line":16,"column":25},"end":{"line":16,"column":32}},"loc":{"start":{"line":16,"column":53},"end":{"line":16,"column":114}}},"2":{"name":"(anonymous_2)","decl":{"start":{"line":16,"column":53},"end":{"line":16,"column":54}},"loc":{"start":{"line":16,"column":53},"end":{"line":16,"column":114}}},"3":{"name":"(anonymous_3)","decl":{"start":{"line":18,"column":21},"end":{"line":18,"column":28}},"loc":{"start":{"line":18,"column":49},"end":{"line":19,"column":null}}},"4":{"name":"(anonymous_4)","decl":{"start":{"line":18,"column":49},"end":{"line":18,"column":null}},"loc":{"start":{"line":18,"column":49},"end":{"line":19,"column":null}}}},"branchMap":{},"s":{"0":1,"1":1,"2":1,"3":0,"4":0,"5":0,"6":0,"7":0,"8":0,"9":0,"10":0,"11":0,"12":0,"13":1,"14":1},"f":{"0":0,"1":0,"2":0,"3":0,"4":0},"b":{}}
,"C:\\code\\tsolutions\\ecommerce\\packages\\api\\src\\graphql\\datasources\\orderDataSource.ts": {"path":"C:\\code\\tsolutions\\ecommerce\\packages\\api\\src\\graphql\\datasources\\orderDataSource.ts","statementMap":{"0":{"start":{"line":4,"column":0},"end":{"line":4,"column":56}},"1":{"start":{"line":6,"column":0},"end":{"line":6,"column":36}},"2":{"start":{"line":7,"column":0},"end":{"line":7,"column":42}},"3":{"start":{"line":8,"column":0},"end":{"line":8,"column":62}},"4":{"start":{"line":11,"column":0},"end":{"line":177,"column":null}},"5":{"start":{"line":15,"column":4},"end":{"line":15,"column":12}},"6":{"start":{"line":19,"column":9},"end":{"line":25,"column":null}},"7":{"start":{"line":19,"column":29},"end":{"line":25,"column":null}},"8":{"start":{"line":20,"column":19},"end":{"line":22,"column":6}},"9":{"start":{"line":24,"column":4},"end":{"line":24,"column":62}},"10":{"start":{"line":27,"column":9},"end":{"line":76,"column":null}},"11":{"start":{"line":27,"column":62},"end":{"line":76,"column":null}},"12":{"start":{"line":28,"column":20},"end":{"line":33,"column":6}},"13":{"start":{"line":35,"column":18},"end":{"line":35,"column":74}},"14":{"start":{"line":37,"column":20},"end":{"line":47,"column":6}},"15":{"start":{"line":48,"column":25},"end":{"line":48,"column":83}},"16":{"start":{"line":50,"column":26},"end":{"line":73,"column":6}},"17":{"start":{"line":59,"column":8},"end":{"line":71,"column":10}},"18":{"start":{"line":75,"column":4},"end":{"line":75,"column":18}},"19":{"start":{"line":78,"column":9},"end":{"line":117,"column":null}},"20":{"start":{"line":78,"column":44},"end":{"line":117,"column":null}},"21":{"start":{"line":79,"column":4},"end":{"line":79,"column":24}},"22":{"start":{"line":80,"column":34},"end":{"line":80,"column":60}},"23":{"start":{"line":82,"column":4},"end":{"line":94,"column":7}},"24":{"start":{"line":96,"column":4},"end":{"line":114,"column":7}},"25":{"start":{"line":97,"column":6},"end":{"line":113,"column":9}},"26":{"start":{"line":116,"column":4},"end":{"line":116,"column":50}},"27":{"start":{"line":119,"column":9},"end":{"line":134,"column":null}},"28":{"start":{"line":119,"column":46},"end":{"line":134,"column":null}},"29":{"start":{"line":120,"column":19},"end":{"line":132,"column":6}},"30":{"start":{"line":133,"column":4},"end":{"line":133,"column":63}},"31":{"start":{"line":136,"column":10},"end":{"line":143,"column":null}},"32":{"start":{"line":136,"column":50},"end":{"line":143,"column":null}},"33":{"start":{"line":137,"column":19},"end":{"line":140,"column":6}},"34":{"start":{"line":142,"column":4},"end":{"line":142,"column":60}},"35":{"start":{"line":145,"column":10},"end":{"line":154,"column":null}},"36":{"start":{"line":145,"column":57},"end":{"line":154,"column":null}},"37":{"start":{"line":146,"column":19},"end":{"line":151,"column":6}},"38":{"start":{"line":153,"column":4},"end":{"line":153,"column":67}},"39":{"start":{"line":16,"column":4},"end":{"line":16,"column":79}},"40":{"start":{"line":162,"column":22},"end":{"line":162,"column":50}},"41":{"start":{"line":164,"column":4},"end":{"line":164,"column":58}},"42":{"start":{"line":173,"column":22},"end":{"line":173,"column":57}},"43":{"start":{"line":175,"column":4},"end":{"line":175,"column":58}},"44":{"start":{"line":11,"column":13},"end":{"line":177,"column":null}},"45":{"start":{"line":11,"column":13},"end":{"line":11,"column":28}}},"fnMap":{"0":{"name":"(anonymous_0)","decl":{"start":{"line":14,"column":2},"end":{"line":14,"column":null}},"loc":{"start":{"line":14,"column":2},"end":{"line":17,"column":3}}},"1":{"name":"(anonymous_1)","decl":{"start":{"line":19,"column":18},"end":{"line":19,"column":27}},"loc":{"start":{"line":19,"column":29},"end":{"line":25,"column":null}}},"2":{"name":"(anonymous_2)","decl":{"start":{"line":19,"column":29},"end":{"line":19,"column":null}},"loc":{"start":{"line":19,"column":29},"end":{"line":25,"column":3}}},"3":{"name":"(anonymous_3)","decl":{"start":{"line":27,"column":20},"end":{"line":27,"column":27}},"loc":{"start":{"line":27,"column":62},"end":{"line":76,"column":null}}},"4":{"name":"(anonymous_4)","decl":{"start":{"line":27,"column":62},"end":{"line":27,"column":null}},"loc":{"start":{"line":27,"column":62},"end":{"line":76,"column":3}}},"5":{"name":"(anonymous_5)","decl":{"start":{"line":58,"column":38},"end":{"line":58,"column":39}},"loc":{"start":{"line":58,"column":47},"end":{"line":72,"column":7}}},"6":{"name":"(anonymous_6)","decl":{"start":{"line":78,"column":16},"end":{"line":78,"column":23}},"loc":{"start":{"line":78,"column":44},"end":{"line":117,"column":null}}},"7":{"name":"(anonymous_7)","decl":{"start":{"line":78,"column":44},"end":{"line":78,"column":null}},"loc":{"start":{"line":78,"column":44},"end":{"line":117,"column":3}}},"8":{"name":"(anonymous_8)","decl":{"start":{"line":96,"column":26},"end":{"line":96,"column":27}},"loc":{"start":{"line":96,"column":35},"end":{"line":114,"column":5}}},"9":{"name":"(anonymous_9)","decl":{"start":{"line":119,"column":18},"end":{"line":119,"column":25}},"loc":{"start":{"line":119,"column":46},"end":{"line":134,"column":null}}},"10":{"name":"(anonymous_10)","decl":{"start":{"line":119,"column":46},"end":{"line":119,"column":null}},"loc":{"start":{"line":119,"column":46},"end":{"line":134,"column":3}}},"11":{"name":"(anonymous_11)","decl":{"start":{"line":136,"column":22},"end":{"line":136,"column":29}},"loc":{"start":{"line":136,"column":50},"end":{"line":143,"column":null}}},"12":{"name":"(anonymous_12)","decl":{"start":{"line":136,"column":50},"end":{"line":136,"column":null}},"loc":{"start":{"line":136,"column":50},"end":{"line":143,"column":3}}},"13":{"name":"(anonymous_13)","decl":{"start":{"line":145,"column":29},"end":{"line":145,"column":36}},"loc":{"start":{"line":145,"column":57},"end":{"line":154,"column":null}}},"14":{"name":"(anonymous_14)","decl":{"start":{"line":145,"column":57},"end":{"line":145,"column":null}},"loc":{"start":{"line":145,"column":57},"end":{"line":154,"column":3}}},"15":{"name":"(anonymous_15)","decl":{"start":{"line":161,"column":10},"end":{"line":161,"column":22}},"loc":{"start":{"line":161,"column":22},"end":{"line":165,"column":3}}},"16":{"name":"(anonymous_16)","decl":{"start":{"line":172,"column":10},"end":{"line":172,"column":28}},"loc":{"start":{"line":172,"column":28},"end":{"line":176,"column":3}}}},"branchMap":{"0":{"loc":{"start":{"line":164,"column":43},"end":{"line":164,"column":52}},"type":"cond-expr","locations":[{"start":{"line":164,"column":43},"end":{"line":164,"column":52}},{"start":{"line":164,"column":55},"end":{"line":164,"column":57}}]},"1":{"loc":{"start":{"line":175,"column":43},"end":{"line":175,"column":52}},"type":"cond-expr","locations":[{"start":{"line":175,"column":43},"end":{"line":175,"column":52}},{"start":{"line":175,"column":55},"end":{"line":175,"column":57}}]}},"s":{"0":1,"1":1,"2":1,"3":1,"4":1,"5":0,"6":0,"7":0,"8":0,"9":0,"10":0,"11":0,"12":0,"13":0,"14":0,"15":0,"16":0,"17":0,"18":0,"19":0,"20":0,"21":0,"22":0,"23":0,"24":0,"25":0,"26":0,"27":0,"28":0,"29":0,"30":0,"31":0,"32":0,"33":0,"34":0,"35":0,"36":0,"37":0,"38":0,"39":0,"40":0,"41":0,"42":0,"43":0,"44":1,"45":1},"f":{"0":0,"1":0,"2":0,"3":0,"4":0,"5":0,"6":0,"7":0,"8":0,"9":0,"10":0,"11":0,"12":0,"13":0,"14":0,"15":0,"16":0},"b":{"0":[0,0],"1":[0,0]}}
,"C:\\code\\tsolutions\\ecommerce\\packages\\api\\src\\graphql\\datasources\\politicalDivision.ts": {"path":"C:\\code\\tsolutions\\ecommerce\\packages\\api\\src\\graphql\\datasources\\politicalDivision.ts","statementMap":{"0":{"start":{"line":2,"column":0},"end":{"line":2,"column":56}},"1":{"start":{"line":13,"column":0},"end":{"line":13,"column":36}},"2":{"start":{"line":14,"column":0},"end":{"line":14,"column":42}},"3":{"start":{"line":15,"column":0},"end":{"line":15,"column":62}},"4":{"start":{"line":18,"column":0},"end":{"line":196,"column":null}},"5":{"start":{"line":22,"column":4},"end":{"line":22,"column":12}},"6":{"start":{"line":26,"column":9},"end":{"line":34,"column":null}},"7":{"start":{"line":26,"column":35},"end":{"line":34,"column":null}},"8":{"start":{"line":27,"column":19},"end":{"line":29,"column":6}},"9":{"start":{"line":31,"column":17},"end":{"line":31,"column":73}},"10":{"start":{"line":33,"column":4},"end":{"line":33,"column":22}},"11":{"start":{"line":36,"column":9},"end":{"line":49,"column":null}},"12":{"start":{"line":36,"column":54},"end":{"line":49,"column":null}},"13":{"start":{"line":37,"column":19},"end":{"line":44,"column":6}},"14":{"start":{"line":46,"column":17},"end":{"line":46,"column":73}},"15":{"start":{"line":48,"column":4},"end":{"line":48,"column":22}},"16":{"start":{"line":51,"column":9},"end":{"line":64,"column":null}},"17":{"start":{"line":51,"column":58},"end":{"line":64,"column":null}},"18":{"start":{"line":52,"column":19},"end":{"line":59,"column":6}},"19":{"start":{"line":61,"column":17},"end":{"line":61,"column":73}},"20":{"start":{"line":63,"column":4},"end":{"line":63,"column":22}},"21":{"start":{"line":66,"column":9},"end":{"line":79,"column":null}},"22":{"start":{"line":66,"column":56},"end":{"line":79,"column":null}},"23":{"start":{"line":67,"column":19},"end":{"line":74,"column":6}},"24":{"start":{"line":76,"column":17},"end":{"line":76,"column":73}},"25":{"start":{"line":78,"column":4},"end":{"line":78,"column":22}},"26":{"start":{"line":81,"column":9},"end":{"line":97,"column":null}},"27":{"start":{"line":81,"column":60},"end":{"line":97,"column":null}},"28":{"start":{"line":82,"column":18},"end":{"line":88,"column":6}},"29":{"start":{"line":83,"column":6},"end":{"line":87,"column":8}},"30":{"start":{"line":90,"column":19},"end":{"line":94,"column":6}},"31":{"start":{"line":96,"column":4},"end":{"line":96,"column":67}},"32":{"start":{"line":99,"column":9},"end":{"line":115,"column":null}},"33":{"start":{"line":99,"column":58},"end":{"line":115,"column":null}},"34":{"start":{"line":100,"column":18},"end":{"line":106,"column":6}},"35":{"start":{"line":101,"column":6},"end":{"line":105,"column":8}},"36":{"start":{"line":108,"column":19},"end":{"line":112,"column":6}},"37":{"start":{"line":114,"column":4},"end":{"line":114,"column":67}},"38":{"start":{"line":117,"column":9},"end":{"line":133,"column":null}},"39":{"start":{"line":117,"column":68},"end":{"line":133,"column":null}},"40":{"start":{"line":118,"column":18},"end":{"line":124,"column":6}},"41":{"start":{"line":119,"column":6},"end":{"line":123,"column":8}},"42":{"start":{"line":126,"column":19},"end":{"line":130,"column":6}},"43":{"start":{"line":132,"column":4},"end":{"line":132,"column":67}},"44":{"start":{"line":135,"column":9},"end":{"line":151,"column":null}},"45":{"start":{"line":135,"column":54},"end":{"line":151,"column":null}},"46":{"start":{"line":136,"column":18},"end":{"line":142,"column":6}},"47":{"start":{"line":137,"column":6},"end":{"line":141,"column":8}},"48":{"start":{"line":144,"column":19},"end":{"line":148,"column":6}},"49":{"start":{"line":150,"column":4},"end":{"line":150,"column":67}},"50":{"start":{"line":23,"column":4},"end":{"line":23,"column":79}},"51":{"start":{"line":159,"column":22},"end":{"line":159,"column":55}},"52":{"start":{"line":161,"column":4},"end":{"line":161,"column":58}},"53":{"start":{"line":170,"column":22},"end":{"line":170,"column":54}},"54":{"start":{"line":172,"column":4},"end":{"line":172,"column":58}},"55":{"start":{"line":181,"column":22},"end":{"line":181,"column":59}},"56":{"start":{"line":183,"column":4},"end":{"line":183,"column":58}},"57":{"start":{"line":192,"column":22},"end":{"line":192,"column":52}},"58":{"start":{"line":194,"column":4},"end":{"line":194,"column":58}},"59":{"start":{"line":18,"column":13},"end":{"line":196,"column":null}},"60":{"start":{"line":18,"column":13},"end":{"line":18,"column":40}}},"fnMap":{"0":{"name":"(anonymous_0)","decl":{"start":{"line":21,"column":2},"end":{"line":21,"column":null}},"loc":{"start":{"line":21,"column":2},"end":{"line":24,"column":3}}},"1":{"name":"(anonymous_1)","decl":{"start":{"line":26,"column":24},"end":{"line":26,"column":33}},"loc":{"start":{"line":26,"column":35},"end":{"line":34,"column":null}}},"2":{"name":"(anonymous_2)","decl":{"start":{"line":26,"column":35},"end":{"line":26,"column":null}},"loc":{"start":{"line":26,"column":35},"end":{"line":34,"column":3}}},"3":{"name":"(anonymous_3)","decl":{"start":{"line":36,"column":24},"end":{"line":36,"column":31}},"loc":{"start":{"line":36,"column":54},"end":{"line":49,"column":null}}},"4":{"name":"(anonymous_4)","decl":{"start":{"line":36,"column":54},"end":{"line":36,"column":null}},"loc":{"start":{"line":36,"column":54},"end":{"line":49,"column":3}}},"5":{"name":"(anonymous_5)","decl":{"start":{"line":51,"column":29},"end":{"line":51,"column":36}},"loc":{"start":{"line":51,"column":58},"end":{"line":64,"column":null}}},"6":{"name":"(anonymous_6)","decl":{"start":{"line":51,"column":58},"end":{"line":51,"column":null}},"loc":{"start":{"line":51,"column":58},"end":{"line":64,"column":3}}},"7":{"name":"(anonymous_7)","decl":{"start":{"line":66,"column":22},"end":{"line":66,"column":29}},"loc":{"start":{"line":66,"column":56},"end":{"line":79,"column":null}}},"8":{"name":"(anonymous_8)","decl":{"start":{"line":66,"column":56},"end":{"line":66,"column":null}},"loc":{"start":{"line":66,"column":56},"end":{"line":79,"column":3}}},"9":{"name":"(anonymous_9)","decl":{"start":{"line":81,"column":26},"end":{"line":81,"column":33}},"loc":{"start":{"line":81,"column":60},"end":{"line":97,"column":null}}},"10":{"name":"(anonymous_10)","decl":{"start":{"line":81,"column":60},"end":{"line":81,"column":null}},"loc":{"start":{"line":81,"column":60},"end":{"line":97,"column":3}}},"11":{"name":"(anonymous_11)","decl":{"start":{"line":82,"column":28},"end":{"line":82,"column":29}},"loc":{"start":{"line":82,"column":37},"end":{"line":88,"column":5}}},"12":{"name":"(anonymous_12)","decl":{"start":{"line":99,"column":25},"end":{"line":99,"column":32}},"loc":{"start":{"line":99,"column":58},"end":{"line":115,"column":null}}},"13":{"name":"(anonymous_13)","decl":{"start":{"line":99,"column":58},"end":{"line":99,"column":null}},"loc":{"start":{"line":99,"column":58},"end":{"line":115,"column":3}}},"14":{"name":"(anonymous_14)","decl":{"start":{"line":100,"column":28},"end":{"line":100,"column":29}},"loc":{"start":{"line":100,"column":37},"end":{"line":106,"column":5}}},"15":{"name":"(anonymous_15)","decl":{"start":{"line":117,"column":30},"end":{"line":117,"column":37}},"loc":{"start":{"line":117,"column":68},"end":{"line":133,"column":null}}},"16":{"name":"(anonymous_16)","decl":{"start":{"line":117,"column":68},"end":{"line":117,"column":null}},"loc":{"start":{"line":117,"column":68},"end":{"line":133,"column":3}}},"17":{"name":"(anonymous_17)","decl":{"start":{"line":118,"column":28},"end":{"line":118,"column":29}},"loc":{"start":{"line":118,"column":37},"end":{"line":124,"column":5}}},"18":{"name":"(anonymous_18)","decl":{"start":{"line":135,"column":23},"end":{"line":135,"column":30}},"loc":{"start":{"line":135,"column":54},"end":{"line":151,"column":null}}},"19":{"name":"(anonymous_19)","decl":{"start":{"line":135,"column":54},"end":{"line":135,"column":null}},"loc":{"start":{"line":135,"column":54},"end":{"line":151,"column":3}}},"20":{"name":"(anonymous_20)","decl":{"start":{"line":136,"column":28},"end":{"line":136,"column":29}},"loc":{"start":{"line":136,"column":37},"end":{"line":142,"column":5}}},"21":{"name":"(anonymous_21)","decl":{"start":{"line":158,"column":10},"end":{"line":158,"column":31}},"loc":{"start":{"line":158,"column":31},"end":{"line":162,"column":3}}},"22":{"name":"(anonymous_22)","decl":{"start":{"line":169,"column":10},"end":{"line":169,"column":30}},"loc":{"start":{"line":169,"column":30},"end":{"line":173,"column":3}}},"23":{"name":"(anonymous_23)","decl":{"start":{"line":180,"column":10},"end":{"line":180,"column":35}},"loc":{"start":{"line":180,"column":35},"end":{"line":184,"column":3}}},"24":{"name":"(anonymous_24)","decl":{"start":{"line":191,"column":10},"end":{"line":191,"column":28}},"loc":{"start":{"line":191,"column":28},"end":{"line":195,"column":3}}}},"branchMap":{"0":{"loc":{"start":{"line":161,"column":43},"end":{"line":161,"column":52}},"type":"cond-expr","locations":[{"start":{"line":161,"column":43},"end":{"line":161,"column":52}},{"start":{"line":161,"column":55},"end":{"line":161,"column":57}}]},"1":{"loc":{"start":{"line":172,"column":43},"end":{"line":172,"column":52}},"type":"cond-expr","locations":[{"start":{"line":172,"column":43},"end":{"line":172,"column":52}},{"start":{"line":172,"column":55},"end":{"line":172,"column":57}}]},"2":{"loc":{"start":{"line":183,"column":43},"end":{"line":183,"column":52}},"type":"cond-expr","locations":[{"start":{"line":183,"column":43},"end":{"line":183,"column":52}},{"start":{"line":183,"column":55},"end":{"line":183,"column":57}}]},"3":{"loc":{"start":{"line":194,"column":43},"end":{"line":194,"column":52}},"type":"cond-expr","locations":[{"start":{"line":194,"column":43},"end":{"line":194,"column":52}},{"start":{"line":194,"column":55},"end":{"line":194,"column":57}}]}},"s":{"0":1,"1":1,"2":1,"3":1,"4":1,"5":0,"6":0,"7":0,"8":0,"9":0,"10":0,"11":0,"12":0,"13":0,"14":0,"15":0,"16":0,"17":0,"18":0,"19":0,"20":0,"21":0,"22":0,"23":0,"24":0,"25":0,"26":0,"27":0,"28":0,"29":0,"30":0,"31":0,"32":0,"33":0,"34":0,"35":0,"36":0,"37":0,"38":0,"39":0,"40":0,"41":0,"42":0,"43":0,"44":0,"45":0,"46":0,"47":0,"48":0,"49":0,"50":0,"51":0,"52":0,"53":0,"54":0,"55":0,"56":0,"57":0,"58":0,"59":1,"60":1},"f":{"0":0,"1":0,"2":0,"3":0,"4":0,"5":0,"6":0,"7":0,"8":0,"9":0,"10":0,"11":0,"12":0,"13":0,"14":0,"15":0,"16":0,"17":0,"18":0,"19":0,"20":0,"21":0,"22":0,"23":0,"24":0},"b":{"0":[0,0],"1":[0,0],"2":[0,0],"3":[0,0]}}
,"C:\\code\\tsolutions\\ecommerce\\packages\\api\\src\\graphql\\datasources\\productDataSource.ts": {"path":"C:\\code\\tsolutions\\ecommerce\\packages\\api\\src\\graphql\\datasources\\productDataSource.ts","statementMap":{"0":{"start":{"line":2,"column":0},"end":{"line":2,"column":56}},"1":{"start":{"line":4,"column":0},"end":{"line":4,"column":36}},"2":{"start":{"line":5,"column":0},"end":{"line":5,"column":42}},"3":{"start":{"line":6,"column":0},"end":{"line":6,"column":62}},"4":{"start":{"line":7,"column":0},"end":{"line":7,"column":45}},"5":{"start":{"line":10,"column":0},"end":{"line":122,"column":null}},"6":{"start":{"line":14,"column":8},"end":{"line":14,"column":16}},"7":{"start":{"line":18,"column":11},"end":{"line":24,"column":null}},"8":{"start":{"line":18,"column":31},"end":{"line":24,"column":null}},"9":{"start":{"line":19,"column":23},"end":{"line":21,"column":10}},"10":{"start":{"line":23,"column":8},"end":{"line":23,"column":66}},"11":{"start":{"line":26,"column":11},"end":{"line":37,"column":null}},"12":{"start":{"line":26,"column":66},"end":{"line":37,"column":null}},"13":{"start":{"line":27,"column":23},"end":{"line":32,"column":10}},"14":{"start":{"line":34,"column":22},"end":{"line":34,"column":77}},"15":{"start":{"line":36,"column":8},"end":{"line":36,"column":26}},"16":{"start":{"line":39,"column":11},"end":{"line":56,"column":null}},"17":{"start":{"line":39,"column":66},"end":{"line":56,"column":null}},"18":{"start":{"line":40,"column":23},"end":{"line":51,"column":10}},"19":{"start":{"line":53,"column":23},"end":{"line":53,"column":80}},"20":{"start":{"line":55,"column":8},"end":{"line":55,"column":28}},"21":{"start":{"line":58,"column":11},"end":{"line":76,"column":null}},"22":{"start":{"line":58,"column":76},"end":{"line":76,"column":null}},"23":{"start":{"line":59,"column":23},"end":{"line":71,"column":10}},"24":{"start":{"line":73,"column":22},"end":{"line":73,"column":79}},"25":{"start":{"line":75,"column":8},"end":{"line":75,"column":30}},"26":{"start":{"line":78,"column":11},"end":{"line":89,"column":null}},"27":{"start":{"line":78,"column":47},"end":{"line":89,"column":null}},"28":{"start":{"line":79,"column":8},"end":{"line":79,"column":27}},"29":{"start":{"line":80,"column":23},"end":{"line":86,"column":10}},"30":{"start":{"line":88,"column":8},"end":{"line":88,"column":64}},"31":{"start":{"line":15,"column":8},"end":{"line":15,"column":83}},"32":{"start":{"line":118,"column":26},"end":{"line":118,"column":57}},"33":{"start":{"line":120,"column":8},"end":{"line":120,"column":62}},"34":{"start":{"line":10,"column":13},"end":{"line":122,"column":null}},"35":{"start":{"line":10,"column":13},"end":{"line":10,"column":30}}},"fnMap":{"0":{"name":"(anonymous_0)","decl":{"start":{"line":13,"column":4},"end":{"line":13,"column":null}},"loc":{"start":{"line":13,"column":4},"end":{"line":16,"column":5}}},"1":{"name":"(anonymous_1)","decl":{"start":{"line":18,"column":20},"end":{"line":18,"column":29}},"loc":{"start":{"line":18,"column":31},"end":{"line":24,"column":null}}},"2":{"name":"(anonymous_2)","decl":{"start":{"line":18,"column":31},"end":{"line":18,"column":null}},"loc":{"start":{"line":18,"column":31},"end":{"line":24,"column":5}}},"3":{"name":"(anonymous_3)","decl":{"start":{"line":26,"column":29},"end":{"line":26,"column":36}},"loc":{"start":{"line":26,"column":66},"end":{"line":37,"column":null}}},"4":{"name":"(anonymous_4)","decl":{"start":{"line":26,"column":66},"end":{"line":26,"column":null}},"loc":{"start":{"line":26,"column":66},"end":{"line":37,"column":5}}},"5":{"name":"(anonymous_5)","decl":{"start":{"line":39,"column":37},"end":{"line":39,"column":44}},"loc":{"start":{"line":39,"column":66},"end":{"line":56,"column":null}}},"6":{"name":"(anonymous_6)","decl":{"start":{"line":39,"column":66},"end":{"line":39,"column":null}},"loc":{"start":{"line":39,"column":66},"end":{"line":56,"column":5}}},"7":{"name":"(anonymous_7)","decl":{"start":{"line":58,"column":34},"end":{"line":58,"column":41}},"loc":{"start":{"line":58,"column":76},"end":{"line":76,"column":null}}},"8":{"name":"(anonymous_8)","decl":{"start":{"line":58,"column":76},"end":{"line":58,"column":null}},"loc":{"start":{"line":58,"column":76},"end":{"line":76,"column":5}}},"9":{"name":"(anonymous_9)","decl":{"start":{"line":78,"column":18},"end":{"line":78,"column":25}},"loc":{"start":{"line":78,"column":47},"end":{"line":89,"column":null}}},"10":{"name":"(anonymous_10)","decl":{"start":{"line":78,"column":47},"end":{"line":78,"column":null}},"loc":{"start":{"line":78,"column":47},"end":{"line":89,"column":5}}},"11":{"name":"(anonymous_11)","decl":{"start":{"line":117,"column":12},"end":{"line":117,"column":24}},"loc":{"start":{"line":117,"column":24},"end":{"line":121,"column":5}}}},"branchMap":{"0":{"loc":{"start":{"line":120,"column":47},"end":{"line":120,"column":56}},"type":"cond-expr","locations":[{"start":{"line":120,"column":47},"end":{"line":120,"column":56}},{"start":{"line":120,"column":59},"end":{"line":120,"column":61}}]}},"s":{"0":1,"1":1,"2":1,"3":1,"4":1,"5":1,"6":0,"7":0,"8":0,"9":0,"10":0,"11":0,"12":0,"13":0,"14":0,"15":0,"16":0,"17":0,"18":0,"19":0,"20":0,"21":0,"22":0,"23":0,"24":0,"25":0,"26":0,"27":0,"28":0,"29":0,"30":0,"31":0,"32":0,"33":0,"34":1,"35":1},"f":{"0":0,"1":0,"2":0,"3":0,"4":0,"5":0,"6":0,"7":0,"8":0,"9":0,"10":0,"11":0},"b":{"0":[0,0]}}
,"C:\\code\\tsolutions\\ecommerce\\packages\\api\\src\\graphql\\datasources\\routeDataSource.ts": {"path":"C:\\code\\tsolutions\\ecommerce\\packages\\api\\src\\graphql\\datasources\\routeDataSource.ts","statementMap":{"0":{"start":{"line":2,"column":0},"end":{"line":2,"column":56}},"1":{"start":{"line":4,"column":0},"end":{"line":4,"column":36}},"2":{"start":{"line":5,"column":0},"end":{"line":5,"column":42}},"3":{"start":{"line":6,"column":0},"end":{"line":6,"column":62}},"4":{"start":{"line":7,"column":0},"end":{"line":7,"column":48}},"5":{"start":{"line":8,"column":0},"end":{"line":8,"column":66}},"6":{"start":{"line":9,"column":0},"end":{"line":9,"column":38}},"7":{"start":{"line":12,"column":0},"end":{"line":70,"column":null}},"8":{"start":{"line":16,"column":4},"end":{"line":16,"column":12}},"9":{"start":{"line":21,"column":9},"end":{"line":26,"column":null}},"10":{"start":{"line":21,"column":73},"end":{"line":26,"column":null}},"11":{"start":{"line":22,"column":28},"end":{"line":22,"column":50}},"12":{"start":{"line":23,"column":4},"end":{"line":25,"column":null}},"13":{"start":{"line":24,"column":6},"end":{"line":24,"column":45}},"14":{"start":{"line":28,"column":9},"end":{"line":58,"column":null}},"15":{"start":{"line":28,"column":72},"end":{"line":58,"column":null}},"16":{"start":{"line":29,"column":25},"end":{"line":29,"column":27}},"17":{"start":{"line":31,"column":4},"end":{"line":49,"column":null}},"18":{"start":{"line":32,"column":30},"end":{"line":32,"column":38}},"19":{"start":{"line":33,"column":6},"end":{"line":33,"column":99}},"20":{"start":{"line":35,"column":6},"end":{"line":48,"column":9}},"21":{"start":{"line":51,"column":19},"end":{"line":55,"column":6}},"22":{"start":{"line":57,"column":4},"end":{"line":57,"column":67}},"23":{"start":{"line":17,"column":4},"end":{"line":17,"column":79}},"24":{"start":{"line":18,"column":4},"end":{"line":18,"column":51}},"25":{"start":{"line":66,"column":22},"end":{"line":66,"column":51}},"26":{"start":{"line":68,"column":4},"end":{"line":68,"column":58}},"27":{"start":{"line":12,"column":13},"end":{"line":70,"column":null}},"28":{"start":{"line":12,"column":13},"end":{"line":12,"column":28}}},"fnMap":{"0":{"name":"(anonymous_0)","decl":{"start":{"line":15,"column":2},"end":{"line":15,"column":null}},"loc":{"start":{"line":15,"column":2},"end":{"line":19,"column":3}}},"1":{"name":"(anonymous_1)","decl":{"start":{"line":21,"column":22},"end":{"line":21,"column":29}},"loc":{"start":{"line":21,"column":73},"end":{"line":26,"column":null}}},"2":{"name":"(anonymous_2)","decl":{"start":{"line":21,"column":73},"end":{"line":21,"column":null}},"loc":{"start":{"line":21,"column":73},"end":{"line":26,"column":3}}},"3":{"name":"(anonymous_3)","decl":{"start":{"line":28,"column":21},"end":{"line":28,"column":28}},"loc":{"start":{"line":28,"column":72},"end":{"line":58,"column":null}}},"4":{"name":"(anonymous_4)","decl":{"start":{"line":28,"column":72},"end":{"line":28,"column":null}},"loc":{"start":{"line":28,"column":72},"end":{"line":58,"column":3}}},"5":{"name":"(anonymous_5)","decl":{"start":{"line":65,"column":10},"end":{"line":65,"column":22}},"loc":{"start":{"line":65,"column":22},"end":{"line":69,"column":3}}}},"branchMap":{"0":{"loc":{"start":{"line":68,"column":43},"end":{"line":68,"column":52}},"type":"cond-expr","locations":[{"start":{"line":68,"column":43},"end":{"line":68,"column":52}},{"start":{"line":68,"column":55},"end":{"line":68,"column":57}}]}},"s":{"0":1,"1":1,"2":1,"3":1,"4":1,"5":1,"6":1,"7":1,"8":0,"9":0,"10":0,"11":0,"12":0,"13":0,"14":0,"15":0,"16":0,"17":0,"18":0,"19":0,"20":0,"21":0,"22":0,"23":0,"24":0,"25":0,"26":0,"27":1,"28":1},"f":{"0":0,"1":0,"2":0,"3":0,"4":0,"5":0},"b":{"0":[0,0]}}
,"C:\\code\\tsolutions\\ecommerce\\packages\\api\\src\\graphql\\datasources\\stockDataSource.ts": {"path":"C:\\code\\tsolutions\\ecommerce\\packages\\api\\src\\graphql\\datasources\\stockDataSource.ts","statementMap":{"0":{"start":{"line":2,"column":0},"end":{"line":2,"column":56}},"1":{"start":{"line":4,"column":0},"end":{"line":4,"column":36}},"2":{"start":{"line":5,"column":0},"end":{"line":5,"column":42}},"3":{"start":{"line":6,"column":0},"end":{"line":6,"column":62}},"4":{"start":{"line":8,"column":0},"end":{"line":8,"column":45}},"5":{"start":{"line":11,"column":0},"end":{"line":104,"column":null}},"6":{"start":{"line":15,"column":4},"end":{"line":15,"column":12}},"7":{"start":{"line":19,"column":9},"end":{"line":25,"column":null}},"8":{"start":{"line":19,"column":29},"end":{"line":25,"column":null}},"9":{"start":{"line":20,"column":19},"end":{"line":22,"column":6}},"10":{"start":{"line":24,"column":4},"end":{"line":24,"column":62}},"11":{"start":{"line":27,"column":9},"end":{"line":39,"column":null}},"12":{"start":{"line":27,"column":66},"end":{"line":39,"column":null}},"13":{"start":{"line":28,"column":19},"end":{"line":33,"column":6}},"14":{"start":{"line":35,"column":18},"end":{"line":35,"column":73}},"15":{"start":{"line":36,"column":4},"end":{"line":36,"column":28}},"16":{"start":{"line":38,"column":4},"end":{"line":38,"column":22}},"17":{"start":{"line":41,"column":9},"end":{"line":59,"column":null}},"18":{"start":{"line":41,"column":71},"end":{"line":59,"column":null}},"19":{"start":{"line":42,"column":19},"end":{"line":54,"column":6}},"20":{"start":{"line":56,"column":18},"end":{"line":56,"column":75}},"21":{"start":{"line":58,"column":4},"end":{"line":58,"column":26}},"22":{"start":{"line":60,"column":9},"end":{"line":71,"column":null}},"23":{"start":{"line":60,"column":43},"end":{"line":71,"column":null}},"24":{"start":{"line":61,"column":4},"end":{"line":61,"column":23}},"25":{"start":{"line":62,"column":19},"end":{"line":68,"column":6}},"26":{"start":{"line":70,"column":4},"end":{"line":70,"column":60}},"27":{"start":{"line":73,"column":9},"end":{"line":92,"column":null}},"28":{"start":{"line":73,"column":45},"end":{"line":92,"column":null}},"29":{"start":{"line":74,"column":19},"end":{"line":90,"column":6}},"30":{"start":{"line":91,"column":4},"end":{"line":91,"column":63}},"31":{"start":{"line":16,"column":4},"end":{"line":16,"column":79}},"32":{"start":{"line":100,"column":22},"end":{"line":100,"column":50}},"33":{"start":{"line":102,"column":4},"end":{"line":102,"column":58}},"34":{"start":{"line":11,"column":13},"end":{"line":104,"column":null}},"35":{"start":{"line":11,"column":13},"end":{"line":11,"column":28}}},"fnMap":{"0":{"name":"(anonymous_0)","decl":{"start":{"line":14,"column":2},"end":{"line":14,"column":null}},"loc":{"start":{"line":14,"column":2},"end":{"line":17,"column":3}}},"1":{"name":"(anonymous_1)","decl":{"start":{"line":19,"column":18},"end":{"line":19,"column":27}},"loc":{"start":{"line":19,"column":29},"end":{"line":25,"column":null}}},"2":{"name":"(anonymous_2)","decl":{"start":{"line":19,"column":29},"end":{"line":19,"column":null}},"loc":{"start":{"line":19,"column":29},"end":{"line":25,"column":3}}},"3":{"name":"(anonymous_3)","decl":{"start":{"line":27,"column":24},"end":{"line":27,"column":31}},"loc":{"start":{"line":27,"column":66},"end":{"line":39,"column":null}}},"4":{"name":"(anonymous_4)","decl":{"start":{"line":27,"column":66},"end":{"line":27,"column":null}},"loc":{"start":{"line":27,"column":66},"end":{"line":39,"column":3}}},"5":{"name":"(anonymous_5)","decl":{"start":{"line":41,"column":29},"end":{"line":41,"column":36}},"loc":{"start":{"line":41,"column":71},"end":{"line":59,"column":null}}},"6":{"name":"(anonymous_6)","decl":{"start":{"line":41,"column":71},"end":{"line":41,"column":null}},"loc":{"start":{"line":41,"column":71},"end":{"line":59,"column":3}}},"7":{"name":"(anonymous_7)","decl":{"start":{"line":60,"column":16},"end":{"line":60,"column":23}},"loc":{"start":{"line":60,"column":43},"end":{"line":71,"column":null}}},"8":{"name":"(anonymous_8)","decl":{"start":{"line":60,"column":43},"end":{"line":60,"column":null}},"loc":{"start":{"line":60,"column":43},"end":{"line":71,"column":3}}},"9":{"name":"(anonymous_9)","decl":{"start":{"line":73,"column":18},"end":{"line":73,"column":25}},"loc":{"start":{"line":73,"column":45},"end":{"line":92,"column":null}}},"10":{"name":"(anonymous_10)","decl":{"start":{"line":73,"column":45},"end":{"line":73,"column":null}},"loc":{"start":{"line":73,"column":45},"end":{"line":92,"column":3}}},"11":{"name":"(anonymous_11)","decl":{"start":{"line":99,"column":10},"end":{"line":99,"column":22}},"loc":{"start":{"line":99,"column":22},"end":{"line":103,"column":3}}}},"branchMap":{"0":{"loc":{"start":{"line":102,"column":43},"end":{"line":102,"column":52}},"type":"cond-expr","locations":[{"start":{"line":102,"column":43},"end":{"line":102,"column":52}},{"start":{"line":102,"column":55},"end":{"line":102,"column":57}}]}},"s":{"0":1,"1":1,"2":1,"3":1,"4":1,"5":1,"6":0,"7":0,"8":0,"9":0,"10":0,"11":0,"12":0,"13":0,"14":0,"15":0,"16":0,"17":0,"18":0,"19":0,"20":0,"21":0,"22":0,"23":0,"24":0,"25":0,"26":0,"27":0,"28":0,"29":0,"30":0,"31":0,"32":0,"33":0,"34":1,"35":1},"f":{"0":0,"1":0,"2":0,"3":0,"4":0,"5":0,"6":0,"7":0,"8":0,"9":0,"10":0,"11":0},"b":{"0":[0,0]}}
,"C:\\code\\tsolutions\\ecommerce\\packages\\api\\src\\graphql\\datasources\\surveyDataSource.ts": {"path":"C:\\code\\tsolutions\\ecommerce\\packages\\api\\src\\graphql\\datasources\\surveyDataSource.ts","statementMap":{"0":{"start":{"line":4,"column":0},"end":{"line":4,"column":56}},"1":{"start":{"line":6,"column":0},"end":{"line":6,"column":36}},"2":{"start":{"line":7,"column":0},"end":{"line":7,"column":42}},"3":{"start":{"line":8,"column":0},"end":{"line":8,"column":62}},"4":{"start":{"line":9,"column":0},"end":{"line":9,"column":45}},"5":{"start":{"line":10,"column":0},"end":{"line":10,"column":48}},"6":{"start":{"line":13,"column":0},"end":{"line":373,"column":null}},"7":{"start":{"line":16,"column":4},"end":{"line":16,"column":12}},"8":{"start":{"line":20,"column":9},"end":{"line":26,"column":null}},"9":{"start":{"line":20,"column":35},"end":{"line":26,"column":null}},"10":{"start":{"line":21,"column":19},"end":{"line":23,"column":6}},"11":{"start":{"line":25,"column":4},"end":{"line":25,"column":62}},"12":{"start":{"line":28,"column":9},"end":{"line":47,"column":null}},"13":{"start":{"line":28,"column":65},"end":{"line":47,"column":null}},"14":{"start":{"line":29,"column":29},"end":{"line":29,"column":109}},"15":{"start":{"line":29,"column":85},"end":{"line":29,"column":94}},"16":{"start":{"line":30,"column":25},"end":{"line":30,"column":27}},"17":{"start":{"line":31,"column":4},"end":{"line":34,"column":7}},"18":{"start":{"line":32,"column":18},"end":{"line":32,"column":31}},"19":{"start":{"line":33,"column":6},"end":{"line":33,"column":43}},"20":{"start":{"line":36,"column":19},"end":{"line":44,"column":6}},"21":{"start":{"line":46,"column":4},"end":{"line":46,"column":62}},"22":{"start":{"line":49,"column":9},"end":{"line":60,"column":null}},"23":{"start":{"line":49,"column":65},"end":{"line":60,"column":null}},"24":{"start":{"line":50,"column":19},"end":{"line":55,"column":6}},"25":{"start":{"line":57,"column":19},"end":{"line":57,"column":74}},"26":{"start":{"line":59,"column":4},"end":{"line":
[...]
end":{"line":59,"column":null}},"22":{"start":{"line":52,"column":21},"end":{"line":52,"column":65}},"23":{"start":{"line":53,"column":8},"end":{"line":53,"column":85}},"24":{"start":{"line":54,"column":8},"end":{"line":54,"column":60}},"25":{"start":{"line":56,"column":8},"end":{"line":56,"column":66}},"26":{"start":{"line":58,"column":8},"end":{"line":58,"column":22}},"27":{"start":{"line":61,"column":6},"end":{"line":61,"column":20}},"28":{"start":{"line":63,"column":85},"end":{"line":64,"column":null}},"29":{"start":{"line":64,"column":6},"end":{"line":64,"column":null}},"30":{"start":{"line":68,"column":0},"end":{"line":68,"column":32}}},"fnMap":{"0":{"name":"(anonymous_0)","decl":{"start":{"line":16,"column":10},"end":{"line":16,"column":17}},"loc":{"start":{"line":16,"column":62},"end":{"line":20,"column":null}}},"1":{"name":"(anonymous_1)","decl":{"start":{"line":16,"column":62},"end":{"line":16,"column":null}},"loc":{"start":{"line":16,"column":62},"end":{"line":20,"column":5}}},"2":{"name":"(anonymous_2)","decl":{"start":{"line":21,"column":11},"end":{"line":21,"column":18}},"loc":{"start":{"line":21,"column":48},"end":{"line":25,"column":null}}},"3":{"name":"(anonymous_3)","decl":{"start":{"line":21,"column":48},"end":{"line":21,"column":null}},"loc":{"start":{"line":21,"column":48},"end":{"line":25,"column":5}}},"4":{"name":"(anonymous_4)","decl":{"start":{"line":28,"column":14},"end":{"line":28,"column":21}},"loc":{"start":{"line":28,"column":73},"end":{"line":42,"column":null}}},"5":{"name":"(anonymous_5)","decl":{"start":{"line":28,"column":73},"end":{"line":28,"column":null}},"loc":{"start":{"line":28,"column":73},"end":{"line":42,"column":5}}},"6":{"name":"(anonymous_6)","decl":{"start":{"line":43,"column":11},"end":{"line":43,"column":18}},"loc":{"start":{"line":43,"column":67},"end":{"line":48,"column":null}}},"7":{"name":"(anonymous_7)","decl":{"start":{"line":43,"column":67},"end":{"line":43,"column":null}},"loc":{"start":{"line":43,"column":67},"end":{"line":48,"column":5}}},"8":{"name":"(anonymous_8)","decl":{"start":{"line":49,"column":14},"end":{"line":49,"column":21}},"loc":{"start":{"line":49,"column":73},"end":{"line":62,"column":null}}},"9":{"name":"(anonymous_9)","decl":{"start":{"line":49,"column":73},"end":{"line":49,"column":null}},"loc":{"start":{"line":49,"column":73},"end":{"line":62,"column":5}}},"10":{"name":"(anonymous_10)","decl":{"start":{"line":63,"column":20},"end":{"line":63,"column":27}},"loc":{"start":{"line":63,"column":85},"end":{"line":64,"column":null}}},"11":{"name":"(anonymous_11)","decl":{"start":{"line":63,"column":85},"end":{"line":63,"column":null}},"loc":{"start":{"line":63,"column":85},"end":{"line":64,"column":null}}}},"branchMap":{},"s":{"0":1,"1":1,"2":0,"3":0,"4":0,"5":0,"6":0,"7":0,"8":0,"9":0,"10":0,"11":0,"12":0,"13":0,"14":0,"15":0,"16":0,"17":0,"18":0,"19":0,"20":0,"21":0,"22":0,"23":0,"24":0,"25":0,"26":0,"27":0,"28":0,"29":0,"30":1},"f":{"0":0,"1":0,"2":0,"3":0,"4":0,"5":0,"6":0,"7":0,"8":0,"9":0,"10":0,"11":0},"b":{}}
,"C:\\code\\tsolutions\\ecommerce\\packages\\api\\src\\graphql\\resolvers\\userLocations.ts": {"path":"C:\\code\\tsolutions\\ecommerce\\packages\\api\\src\\graphql\\resolvers\\userLocations.ts","statementMap":{"0":{"start":{"line":4,"column":25},"end":{"line":28,"column":2}},"1":{"start":{"line":6,"column":80},"end":{"line":10,"column":null}},"2":{"start":{"line":7,"column":21},"end":{"line":7,"column":100}},"3":{"start":{"line":9,"column":6},"end":{"line":9,"column":20}},"4":{"start":{"line":13,"column":98},"end":{"line":26,"column":null}},"5":{"start":{"line":15,"column":6},"end":{"line":23,"column":null}},"6":{"start":{"line":16,"column":8},"end":{"line":16,"column":92}},"7":{"start":{"line":17,"column":8},"end":{"line":17,"column":60}},"8":{"start":{"line":19,"column":8},"end":{"line":19,"column":23}},"9":{"start":{"line":20,"column":8},"end":{"line":20,"column":66}},"10":{"start":{"line":22,"column":8},"end":{"line":22,"column":22}},"11":{"start":{"line":25,"column":6},"end":{"line":25,"column":20}},"12":{"start":{"line":30,"column":0},"end":{"line":30,"column":32}}},"fnMap":{"0":{"name":"(anonymous_0)","decl":{"start":{"line":6,"column":19},"end":{"line":6,"column":26}},"loc":{"start":{"line":6,"column":80},"end":{"line":10,"column":null}}},"1":{"name":"(anonymous_1)","decl":{"start":{"line":6,"column":80},"end":{"line":6,"column":null}},"loc":{"start":{"line":6,"column":80},"end":{"line":10,"column":5}}},"2":{"name":"(anonymous_2)","decl":{"start":{"line":13,"column":23},"end":{"line":13,"column":30}},"loc":{"start":{"line":13,"column":98},"end":{"line":26,"column":null}}},"3":{"name":"(anonymous_3)","decl":{"start":{"line":13,"column":98},"end":{"line":13,"column":null}},"loc":{"start":{"line":13,"column":98},"end":{"line":26,"column":5}}}},"branchMap":{},"s":{"0":1,"1":0,"2":0,"3":0,"4":0,"5":0,"6":0,"7":0,"8":0,"9":0,"10":0,"11":0,"12":1},"f":{"0":0,"1":0,"2":0,"3":0},"b":{}}
,"C:\\code\\tsolutions\\ecommerce\\packages\\api\\src\\graphql\\schema\\schema.ts": {"path":"C:\\code\\tsolutions\\ecommerce\\packages\\api\\src\\graphql\\schema\\schema.ts","statementMap":{"0":{"start":{"line":1,"column":0},"end":{"line":1,"column":29}},"1":{"start":{"line":2,"column":0},"end":{"line":2,"column":59}},"2":{"start":{"line":4,"column":0},"end":{"line":4,"column":47}},"3":{"start":{"line":5,"column":0},"end":{"line":5,"column":69}},"4":{"start":{"line":6,"column":0},"end":{"line":6,"column":58}},"5":{"start":{"line":8,"column":19},"end":{"line":8,"column":85}},"6":{"start":{"line":9,"column":23},"end":{"line":9,"column":74}},"7":{"start":{"line":10,"column":17},"end":{"line":10,"column":42}},"8":{"start":{"line":11,"column":21},"end":{"line":11,"column":51}},"9":{"start":{"line":13,"column":0},"end":{"line":17,"column":3}},"10":{"start":{"line":19,"column":0},"end":{"line":19,"column":22}}},"fnMap":{},"branchMap":{},"s":{"0":1,"1":1,"2":1,"3":1,"4":1,"5":1,"6":1,"7":1,"8":1,"9":1,"10":1},"f":{},"b":{}}
,"C:\\code\\tsolutions\\ecommerce\\packages\\api\\src\\lib\\arrays\\chunk.ts": {"path":"C:\\code\\tsolutions\\ecommerce\\packages\\api\\src\\lib\\arrays\\chunk.ts","statementMap":{"0":{"start":{"line":6,"column":19},"end":{"line":17,"column":1}},"1":{"start":{"line":7,"column":14},"end":{"line":7,"column":15}},"2":{"start":{"line":8,"column":22},"end":{"line":8,"column":36}},"3":{"start":{"line":9,"column":20},"end":{"line":9,"column":22}},"4":{"start":{"line":11,"column":2},"end":{"line":14,"column":null}},"5":{"start":{"line":12,"column":18},"end":{"line":12,"column":57}},"6":{"start":{"line":13,"column":4},"end":{"line":13,"column":26}},"7":{"start":{"line":16,"column":2},"end":{"line":16,"column":19}},"8":{"start":{"line":19,"column":0},"end":{"line":19,"column":26}}},"fnMap":{"0":{"name":"(anonymous_0)","decl":{"start":{"line":6,"column":19},"end":{"line":6,"column":20}},"loc":{"start":{"line":6,"column":57},"end":{"line":17,"column":1}}}},"branchMap":{},"s":{"0":1,"1":0,"2":0,"3":0,"4":0,"5":0,"6":0,"7":0,"8":1},"f":{"0":0},"b":{}}
,"C:\\code\\tsolutions\\ecommerce\\packages\\api\\src\\lib\\auth\\index.ts": {"path":"C:\\code\\tsolutions\\ecommerce\\packages\\api\\src\\lib\\auth\\index.ts","statementMap":{"0":{"start":{"line":1,"column":0},"end":{"line":1,"column":35}},"1":{"start":{"line":2,"column":0},"end":{"line":2,"column":36}},"2":{"start":{"line":9,"column":0},"end":{"line":9,"column":21}},"3":{"start":{"line":16,"column":16},"end":{"line":20,"column":null}},"4":{"start":{"line":16,"column":83},"end":{"line":20,"column":null}},"5":{"start":{"line":17,"column":33},"end":{"line":17,"column":64}},"6":{"start":{"line":19,"column":4},"end":{"line":19,"column":24}},"7":{"start":{"line":28,"column":16},"end":{"line":30,"column":null}},"8":{"start":{"line":28,"column":102},"end":{"line":30,"column":null}},"9":{"start":{"line":29,"column":4},"end":{"line":29,"column":51}},"10":{"start":{"line":32,"column":16},"end":{"line":44,"column":null}},"11":{"start":{"line":32,"column":83},"end":{"line":44,"column":null}},"12":{"start":{"line":33,"column":4},"end":{"line":43,"column":6}},"13":{"start":{"line":46,"column":16},"end":{"line":78,"column":null}},"14":{"start":{"line":46,"column":50},"end":{"line":78,"column":null}},"15":{"start":{"line":47,"column":4},"end":{"line":77,"column":null}},"16":{"start":{"line":48,"column":6},"end":{"line":57,"column":null}},"17":{"start":{"line":49,"column":28},"end":{"line":49,"column":80}},"18":{"start":{"line":51,"column":8},"end":{"line":56,"column":10}},"19":{"start":{"line":59,"column":6},"end":{"line":64,"column":8}},"20":{"start":{"line":66,"column":6},"end":{"line":68,"column":null}},"21":{"start":{"line":67,"column":8},"end":{"line":67,"column":47}},"22":{"start":{"line":70,"column":6},"end":{"line":76,"column":8}},"23":{"start":{"line":80,"column":16},"end":{"line":98,"column":null}},"24":{"start":{"line":80,"column":54},"end":{"line":98,"column":null}},"25":{"start":{"line":81,"column":4},"end":{"line":90,"column":null}},"26":{"start":{"line":82,"column":26},"end":{"line":82,"column":78}},"27":{"start":{"line":84,"column":6},"end":{"line":89,"column":8}},"28":{"start":{"line":92,"column":4},"end":{"line":97,"column":6}},"29":{"start":{"line":100,"column":16},"end":{"line":109,"column":null}},"30":{"start":{"line":100,"column":66},"end":{"line":109,"column":null}},"31":{"start":{"line":101,"column":25},"end":{"line":101,"column":60}},"32":{"start":{"line":102,"column":28},"end":{"line":105,"column":6}},"33":{"start":{"line":106,"column":21},"end":{"line":106,"column":58}},"34":{"start":{"line":108,"column":4},"end":{"line":108,"column":41}}},"fnMap":{"0":{"name":"(anonymous_0)","decl":{"start":{"line":16,"column":39},"end":{"line":16,"column":46}},"loc":{"start":{"line":16,"column":83},"end":{"line":20,"column":null}}},"1":{"name":"(anonymous_1)","decl":{"start":{"line":16,"column":83},"end":{"line":16,"column":null}},"loc":{"start":{"line":16,"column":83},"end":{"line":20,"column":3}}},"2":{"name":"(anonymous_2)","decl":{"start":{"line":28,"column":34},"end":{"line":28,"column":41}},"loc":{"start":{"line":28,"column":102},"end":{"line":30,"column":null}}},"3":{"name":"(anonymous_3)","decl":{"start":{"line":28,"column":102},"end":{"line":28,"column":null}},"loc":{"start":{"line":28,"column":102},"end":{"line":30,"column":3}}},"4":{"name":"(anonymous_4)","decl":{"start":{"line":32,"column":23},"end":{"line":32,"column":30}},"loc":{"start":{"line":32,"column":83},"end":{"line":44,"column":null}}},"5":{"name":"(anonymous_5)","decl":{"start":{"line":32,"column":83},"end":{"line":32,"column":null}},"loc":{"start":{"line":32,"column":83},"end":{"line":44,"column":3}}},"6":{"name":"(anonymous_6)","decl":{"start":{"line":46,"column":26},"end":{"line":46,"column":33}},"loc":{"start":{"line":46,"column":50},"end":{"line":78,"column":null}}},"7":{"name":"(anonymous_7)","decl":{"start":{"line":46,"column":50},"end":{"line":46,"column":null}},"loc":{"start":{"line":46,"column":50},"end":{"line":78,"column":3}}},"8":{"name":"(anonymous_8)","decl":{"start":{"line":80,"column":30},"end":{"line":80,"column":37}},"loc":{"start":{"line":80,"column":54},"end":{"line":98,"column":null}}},"9":{"name":"(anonymous_9)","decl":{"start":{"line":80,"column":54},"end":{"line":80,"column":null}},"loc":{"start":{"line":80,"column":54},"end":{"line":98,"column":3}}},"10":{"name":"(anonymous_10)","decl":{"start":{"line":100,"column":25},"end":{"line":100,"column":32}},"loc":{"start":{"line":100,"column":66},"end":{"line":109,"column":null}}},"11":{"name":"(anonymous_11)","decl":{"start":{"line":100,"column":66},"end":{"line":100,"column":null}},"loc":{"start":{"line":100,"column":66},"end":{"line":109,"column":3}}}},"branchMap":{"0":{"loc":{"start":{"line":48,"column":6},"end":{"line":57,"column":null}},"type":"if","locations":[{"start":{"line":48,"column":6},"end":{"line":57,"column":null}},{"start":{"line":48,"column":6},"end":{"line":57,"column":null}}]},"1":{"loc":{"start":{"line":66,"column":6},"end":{"line":68,"column":null}},"type":"if","locations":[{"start":{"line":66,"column":6},"end":{"line":68,"column":null}},{"start":{"line":66,"column":6},"end":{"line":68,"column":null}}]},"2":{"loc":{"start":{"line":81,"column":4},"end":{"line":90,"column":null}},"type":"if","locations":[{"start":{"line":81,"column":4},"end":{"line":90,"column":null}},{"start":{"line":81,"column":4},"end":{"line":90,"column":null}}]}},"s":{"0":1,"1":1,"2":1,"3":1,"4":0,"5":0,"6":0,"7":1,"8":0,"9":0,"10":1,"11":0,"12":0,"13":1,"14":0,"15":0,"16":0,"17":0,"18":0,"19":0,"20":0,"21":0,"22":0,"23":1,"24":0,"25":0,"26":0,"27":0,"28":0,"29":1,"30":0,"31":0,"32":0,"33":0,"34":0},"f":{"0":0,"1":0,"2":0,"3":0,"4":0,"5":0,"6":0,"7":0,"8":0,"9":0,"10":0,"11":0},"b":{"0":[0,0],"1":[0,0],"2":[0,0]}}
,"C:\\code\\tsolutions\\ecommerce\\packages\\api\\src\\lib\\errors\\NotFoundError.ts": {"path":"C:\\code\\tsolutions\\ecommerce\\packages\\api\\src\\lib\\errors\\NotFoundError.ts","statementMap":{"0":{"start":{"line":15,"column":6},"end":{"line":15,"column":21}},"1":{"start":{"line":16,"column":6},"end":{"line":16,"column":34}},"2":{"start":{"line":8,"column":0},"end":{"line":8,"column":21}}},"fnMap":{"0":{"name":"(anonymous_0)","decl":{"start":{"line":14,"column":4},"end":{"line":14,"column":16}},"loc":{"start":{"line":14,"column":45},"end":{"line":17,"column":5}}}},"branchMap":{"0":{"loc":{"start":{"line":14,"column":34},"end":{"line":14,"column":45}},"type":"default-arg","locations":[{"start":{"line":14,"column":34},"end":{"line":14,"column":45}}]}},"s":{"0":0,"1":0,"2":1},"f":{"0":0},"b":{"0":[0]}}
,"C:\\code\\tsolutions\\ecommerce\\packages\\api\\src\\lib\\errors\\RegisteredUserError.ts": {"path":"C:\\code\\tsolutions\\ecommerce\\packages\\api\\src\\lib\\errors\\RegisteredUserError.ts","statementMap":{"0":{"start":{"line":15,"column":4},"end":{"line":15,"column":19}},"1":{"start":{"line":16,"column":4},"end":{"line":16,"column":38}},"2":{"start":{"line":8,"column":0},"end":{"line":8,"column":21}}},"fnMap":{"0":{"name":"(anonymous_0)","decl":{"start":{"line":14,"column":2},"end":{"line":14,"column":14}},"loc":{"start":{"line":14,"column":52},"end":{"line":17,"column":3}}}},"branchMap":{"0":{"loc":{"start":{"line":14,"column":32},"end":{"line":14,"column":52}},"type":"default-arg","locations":[{"start":{"line":14,"column":32},"end":{"line":14,"column":52}}]}},"s":{"0":0,"1":0,"2":1},"f":{"0":0},"b":{"0":[0]}}
,"C:\\code\\tsolutions\\ecommerce\\packages\\api\\src\\lib\\factories\\AwsSdkFactory.ts": {"path":"C:\\code\\tsolutions\\ecommerce\\packages\\api\\src\\lib\\factories\\AwsSdkFactory.ts","statementMap":{"0":{"start":{"line":1,"column":0},"end":{"line":1,"column":31}},"1":{"start":{"line":3,"column":0},"end":{"line":3,"column":57}},"2":{"start":{"line":19,"column":4},"end":{"line":29,"column":null}},"3":{"start":{"line":21,"column":36},"end":{"line":26,"column":8}},"4":{"start":{"line":28,"column":6},"end":{"line":28,"column":68}},"5":{"start":{"line":31,"column":4},"end":{"line":31,"column":45}},"6":{"start":{"line":11,"column":0},"end":{"line":11,"column":21}}},"fnMap":{"0":{"name":"(anonymous_0)","decl":{"start":{"line":18,"column":9},"end":{"line":18,"column":15}},"loc":{"start":{"line":18,"column":44},"end":{"line":32,"column":3}}}},"branchMap":{"0":{"loc":{"start":{"line":19,"column":4},"end":{"line":29,"column":null}},"type":"if","locations":[{"start":{"line":19,"column":4},"end":{"line":29,"column":null}},{"start":{"line":19,"column":4},"end":{"line":29,"column":null}}]}},"s":{"0":1,"1":1,"2":1,"3":0,"4":0,"5":1,"6":1},"f":{"0":1},"b":{"0":[0,1]}}
,"C:\\code\\tsolutions\\ecommerce\\packages\\api\\src\\lib\\geoJsonTools\\featureCollection.ts": {"path":"C:\\code\\tsolutions\\ecommerce\\packages\\api\\src\\lib\\geoJsonTools\\featureCollection.ts","statementMap":{"0":{"start":{"line":3,"column":13},"end":{"line":29,"column":2}},"1":{"start":{"line":4,"column":26},"end":{"line":7,"column":4}},"2":{"start":{"line":9,"column":2},"end":{"line":26,"column":5}},"3":{"start":{"line":10,"column":4},"end":{"line":25,"column":7}},"4":{"start":{"line":28,"column":2},"end":{"line":28,"column":20}}},"fnMap":{"0":{"name":"(anonymous_0)","decl":{"start":{"line":3,"column":42},"end":{"line":3,"column":43}},"loc":{"start":{"line":3,"column":64},"end":{"line":29,"column":1}}},"1":{"name":"(anonymous_1)","decl":{"start":{"line":9,"column":18},"end":{"line":9,"column":19}},"loc":{"start":{"line":9,"column":27},"end":{"line":26,"column":3}}}},"branchMap":{"0":{"loc":{"start":{"line":19,"column":36},"end":{"line":19,"column":50}},"type":"cond-expr","locations":[{"start":{"line":19,"column":36},"end":{"line":19,"column":50}},{"start":{"line":19,"column":53},"end":{"line":19,"column":55}}]},"1":{"loc":{"start":{"line":20,"column":34},"end":{"line":20,"column":47}},"type":"cond-expr","locations":[{"start":{"line":20,"column":34},"end":{"line":20,"column":47}},{"start":{"line":20,"column":50},"end":{"line":20,"column":52}}]},"2":{"loc":{"start":{"line":21,"column":44},"end":{"line":21,"column":62}},"type":"cond-expr","locations":[{"start":{"line":21,"column":44},"end":{"line":21,"column":62}},{"start":{"line":21,"column":65},"end":{"line":21,"column":67}}]},"3":{"loc":{"start":{"line":22,"column":30},"end":{"line":22,"column":41}},"type":"cond-expr","locations":[{"start":{"line":22,"column":30},"end":{"line":22,"column":41}},{"start":{"line":22,"column":44},"end":{"line":22,"column":46}}]}},"s":{"0":1,"1":0,"2":0,"3":0,"4":0},"f":{"0":0,"1":0},"b":{"0":[0,0],"1":[0,0],"2":[0,0],"3":[0,0]}}
,"C:\\code\\tsolutions\\ecommerce\\packages\\api\\src\\lib\\infrastructures\\Environment.ts": {"path":"C:\\code\\tsolutions\\ecommerce\\packages\\api\\src\\lib\\infrastructures\\Environment.ts","statementMap":{"0":{"start":{"line":15,"column":4},"end":{"line":17,"column":null}},"1":{"start":{"line":16,"column":6},"end":{"line":16,"column":18}},"2":{"start":{"line":19,"column":4},"end":{"line":19,"column":17}},"3":{"start":{"line":7,"column":0},"end":{"line":7,"column":21}}},"fnMap":{"0":{"name":"(anonymous_0)","decl":{"start":{"line":14,"column":9},"end":{"line":14,"column":15}},"loc":{"start":{"line":14,"column":23},"end":{"line":20,"column":3}}}},"branchMap":{"0":{"loc":{"start":{"line":15,"column":4},"end":{"line":17,"column":null}},"type":"if","locations":[{"start":{"line":15,"column":4},"end":{"line":17,"column":null}},{"start":{"line":15,"column":4},"end":{"line":17,"column":null}}]}},"s":{"0":1,"1":0,"2":1,"3":1},"f":{"0":1},"b":{"0":[0,1]}}
,"C:\\code\\tsolutions\\ecommerce\\packages\\api\\src\\lib\\timezone\\index.ts": {"path":"C:\\code\\tsolutions\\ecommerce\\packages\\api\\src\\lib\\timezone\\index.ts","statementMap":{"0":{"start":{"line":1,"column":0},"end":{"line":1,"column":42}},"1":{"start":{"line":3,"column":16},"end":{"line":7,"column":1}},"2":{"start":{"line":4,"column":2},"end":{"line":6,"column":14}},"3":{"start":{"line":21,"column":8},"end":{"line":21,"column":15}},"4":{"start":{"line":9,"column":16},"end":{"line":13,"column":1}},"5":{"start":{"line":10,"column":2},"end":{"line":12,"column":14}},"6":{"start":{"line":21,"column":17},"end":{"line":21,"column":24}},"7":{"start":{"line":15,"column":19},"end":{"line":19,"column":1}},"8":{"start":{"line":16,"column":2},"end":{"line":18,"column":20}},"9":{"start":{"line":21,"column":26},"end":{"line":21,"column":36}}},"fnMap":{"0":{"name":"(anonymous_0)","decl":{"start":{"line":3,"column":16},"end":{"line":3,"column":19}},"loc":{"start":{"line":3,"column":21},"end":{"line":7,"column":1}}},"1":{"name":"(anonymous_1)","decl":{"start":{"line":9,"column":16},"end":{"line":9,"column":17}},"loc":{"start":{"line":9,"column":31},"end":{"line":13,"column":1}}},"2":{"name":"(anonymous_2)","decl":{"start":{"line":15,"column":19},"end":{"line":15,"column":20}},"loc":{"start":{"line":15,"column":51},"end":{"line":19,"column":1}}}},"branchMap":{},"s":{"0":1,"1":1,"2":0,"3":1,"4":1,"5":0,"6":1,"7":1,"8":0,"9":1},"f":{"0":0,"1":0,"2":0},"b":{}}
}
