TN:
SF:src\__tests__\mocks\mockCategories.ts
FN:7,(anonymous_0)
FNF:1
FNH:0
FNDA:0,(anonymous_0)
DA:3,1
DA:7,1
DA:10,1
LF:3
LH:3
BRF:0
BRH:0
end_of_record
TN:
SF:src\graphql\datasources\agendaDataSource.ts
FN:19,(anonymous_0)
FN:26,(anonymous_1)
FN:26,(anonymous_2)
FN:34,(anonymous_3)
FN:34,(anonymous_4)
FN:51,(anonymous_5)
FN:51,(anonymous_6)
FN:64,(anonymous_7)
FN:64,(anonymous_8)
FN:79,(anonymous_9)
FN:79,(anonymous_10)
FN:94,(anonymous_11)
FN:94,(anonymous_12)
FN:97,(anonymous_13)
FN:101,(anonymous_14)
FN:103,(anonymous_15)
FN:121,(anonymous_16)
FN:121,(anonymous_17)
FN:125,(anonymous_18)
FN:130,(anonymous_19)
FN:133,(anonymous_20)
FN:150,(anonymous_21)
FN:154,(anonymous_22)
FN:155,(anonymous_23)
FN:186,(anonymous_24)
FN:191,(anonymous_25)
FN:216,(anonymous_26)
FN:216,(anonymous_27)
FN:222,(anonymous_28)
FN:224,(anonymous_29)
FN:241,(anonymous_30)
FN:242,(anonymous_31)
FN:304,(anonymous_32)
FN:304,(anonymous_33)
FN:318,(anonymous_34)
FN:318,(anonymous_35)
FN:325,(anonymous_36)
FN:325,(anonymous_37)
FN:371,(anonymous_38)
FN:371,(anonymous_39)
FN:378,(anonymous_40)
FN:378,(anonymous_41)
FN:403,(anonymous_42)
FN:403,(anonymous_43)
FN:421,(anonymous_44)
FN:421,(anonymous_45)
FN:424,(anonymous_46)
FN:426,(anonymous_47)
FN:466,(anonymous_48)
FNF:49
FNH:0
FNDA:0,(anonymous_0)
FNDA:0,(anonymous_1)
FNDA:0,(anonymous_2)
FNDA:0,(anonymous_3)
FNDA:0,(anonymous_4)
FNDA:0,(anonymous_5)
FNDA:0,(anonymous_6)
FNDA:0,(anonymous_7)
FNDA:0,(anonymous_8)
FNDA:0,(anonymous_9)
FNDA:0,(anonymous_10)
FNDA:0,(anonymous_11)
FNDA:0,(anonymous_12)
FNDA:0,(anonymous_13)
FNDA:0,(anonymous_14)
FNDA:0,(anonymous_15)
FNDA:0,(anonymous_16)
FNDA:0,(anonymous_17)
FNDA:0,(anonymous_18)
FNDA:0,(anonymous_19)
FNDA:0,(anonymous_20)
FNDA:0,(anonymous_21)
FNDA:0,(anonymous_22)
FNDA:0,(anonymous_23)
FNDA:0,(anonymous_24)
FNDA:0,(anonymous_25)
FNDA:0,(anonymous_26)
FNDA:0,(anonymous_27)
FNDA:0,(anonymous_28)
FNDA:0,(anonymous_29)
FNDA:0,(anonymous_30)
FNDA:0,(anonymous_31)
FNDA:0,(anonymous_32)
FNDA:0,(anonymous_33)
FNDA:0,(anonymous_34)
FNDA:0,(anonymous_35)
FNDA:0,(anonymous_36)
FNDA:0,(anonymous_37)
FNDA:0,(anonymous_38)
FNDA:0,(anonymous_39)
FNDA:0,(anonymous_40)
FNDA:0,(anonymous_41)
FNDA:0,(anonymous_42)
FNDA:0,(anonymous_43)
FNDA:0,(anonymous_44)
FNDA:0,(anonymous_45)
FNDA:0,(anonymous_46)
FNDA:0,(anonymous_47)
FNDA:0,(anonymous_48)
DA:2,1
DA:4,1
DA:5,1
DA:6,1
DA:7,1
DA:8,1
DA:9,1
DA:10,1
DA:14,1
DA:20,0
DA:21,0
DA:22,0
DA:23,0
DA:26,0
DA:27,0
DA:31,0
DA:34,0
DA:35,0
DA:36,0
DA:48,0
DA:51,0
DA:52,0
DA:59,0
DA:61,0
DA:64,0
DA:65,0
DA:74,0
DA:76,0
DA:79,0
DA:80,0
DA:81,0
DA:90,0
DA:92,0
DA:94,0
DA:95,0
DA:97,0
DA:98,0
DA:101,0
DA:102,0
DA:103,0
DA:104,0
DA:105,0
DA:108,0
DA:117,0
DA:119,0
DA:121,0
DA:122,0
DA:123,0
DA:125,0
DA:126,0
DA:129,0
DA:130,0
DA:132,0
DA:133,0
DA:134,0
DA:135,0
DA:138,0
DA:148,0
DA:150,0
DA:154,0
DA:155,0
DA:169,0
DA:170,0
DA:171,0
DA:172,0
DA:173,0
DA:174,0
DA:177,0
DA:182,0
DA:186,0
DA:191,0
DA:192,0
DA:194,0
DA:204,0
DA:206,0
DA:207,0
DA:212,0
DA:216,0
DA:217,0
DA:219,0
DA:220,0
DA:221,0
DA:222,0
DA:223,0
DA:224,0
DA:225,0
DA:226,0
DA:229,0
DA:238,0
DA:240,0
DA:242,0
DA:247,0
DA:304,0
DA:305,0
DA:306,0
DA:307,0
DA:308,0
DA:313,0
DA:315,0
DA:318,0
DA:319,0
DA:320,0
DA:321,0
DA:325,0
DA:326,0
DA:327,0
DA:329,0
DA:330,0
DA:332,0
DA:333,0
DA:349,0
DA:357,0
DA:361,0
DA:363,0
DA:364,0
DA:367,0
DA:371,0
DA:372,0
DA:373,0
DA:374,0
DA:378,0
DA:379,0
DA:380,0
DA:381,0
DA:396,0
DA:400,0
DA:403,0
DA:404,0
DA:418,0
DA:421,0
DA:422,0
DA:423,0
DA:424,0
DA:425,0
DA:426,0
DA:427,0
DA:429,0
DA:430,0
DA:458,0
DA:467,0
DA:469,0
LF:141
LH:9
BRDA:169,0,0,0
BRDA:169,0,1,0
BRDA:206,1,0,0
BRDA:206,1,1,0
BRDA:332,2,0,0
BRDA:332,2,1,0
BRDA:363,3,0,0
BRDA:363,3,1,0
BRDA:427,4,0,0
BRDA:427,4,1,0
BRDA:427,5,0,0
BRDA:427,5,1,0
BRDA:450,6,0,0
BRDA:450,6,1,0
BRDA:452,7,0,0
BRDA:452,7,1,0
BRDA:469,8,0,0
BRDA:469,8,1,0
BRF:18
BRH:0
end_of_record
TN:
SF:src\graphql\datasources\campaignDataSource.ts
FN:15,(anonymous_0)
FN:21,(anonymous_1)
FN:21,(anonymous_2)
FN:29,(anonymous_3)
FN:29,(anonymous_4)
FN:42,(anonymous_5)
FN:42,(anonymous_6)
FN:62,(anonymous_7)
FN:62,(anonymous_8)
FN:83,(anonymous_9)
FNF:10
FNH:0
FNDA:0,(anonymous_0)
FNDA:0,(anonymous_1)
FNDA:0,(anonymous_2)
FNDA:0,(anonymous_3)
FNDA:0,(anonymous_4)
FNDA:0,(anonymous_5)
FNDA:0,(anonymous_6)
FNDA:0,(anonymous_7)
FNDA:0,(anonymous_8)
FNDA:0,(anonymous_9)
DA:2,1
DA:4,1
DA:5,1
DA:6,1
DA:7,1
DA:8,1
DA:11,1
DA:16,0
DA:17,0
DA:18,0
DA:21,0
DA:22,0
DA:26,0
DA:29,0
DA:30,0
DA:37,0
DA:39,0
DA:42,0
DA:43,0
DA:44,0
DA:45,0
DA:57,0
DA:59,0
DA:62,0
DA:63,0
DA:75,0
DA:84,0
DA:86,0
LF:28
LH:7
BRDA:86,0,0,0
BRDA:86,0,1,0
BRF:2
BRH:0
end_of_record
TN:
SF:src\graphql\datasources\categoryDataSource.ts
FN:15,(anonymous_0)
FN:21,(anonymous_1)
FN:21,(anonymous_2)
FN:30,(anonymous_3)
FN:30,(anonymous_4)
FN:43,(anonymous_5)
FN:43,(anonymous_6)
FN:76,(anonymous_7)
FNF:8
FNH:0
FNDA:0,(anonymous_0)
FNDA:0,(anonymous_1)
FNDA:0,(anonymous_2)
FNDA:0,(anonymous_3)
FNDA:0,(anonymous_4)
FNDA:0,(anonymous_5)
FNDA:0,(anonymous_6)
FNDA:0,(anonymous_7)
DA:2,1
DA:4,1
DA:5,1
DA:6,1
DA:8,1
DA:11,1
DA:16,0
DA:17,0
DA:18,0
DA:21,0
DA:22,0
DA:25,0
DA:27,0
DA:30,0
DA:31,0
DA:38,0
DA:40,0
DA:43,0
DA:44,0
DA:45,0
DA:52,0
DA:77,0
DA:79,0
LF:23
LH:6
BRDA:79,0,0,0
BRDA:79,0,1,0
BRF:2
BRH:0
end_of_record
TN:
SF:src\graphql\datasources\companyDataSource.ts
FN:13,(anonymous_0)
FN:18,(anonymous_1)
FN:18,(anonymous_2)
FN:26,(anonymous_3)
FN:26,(anonymous_4)
FN:39,(anonymous_5)
FN:39,(anonymous_6)
FN:55,(anonymous_7)
FN:55,(anonymous_8)
FN:77,(anonymous_9)
FNF:10
FNH:0
FNDA:0,(anonymous_0)
FNDA:0,(anonymous_1)
FNDA:0,(anonymous_2)
FNDA:0,(anonymous_3)
FNDA:0,(anonymous_4)
FNDA:0,(anonymous_5)
FNDA:0,(anonymous_6)
FNDA:0,(anonymous_7)
FNDA:0,(anonymous_8)
FNDA:0,(anonymous_9)
DA:2,1
DA:4,1
DA:5,1
DA:6,1
DA:7,1
DA:10,1
DA:14,0
DA:15,0
DA:18,0
DA:19,0
DA:23,0
DA:26,0
DA:27,0
DA:34,0
DA:36,0
DA:39,0
DA:40,0
DA:41,0
DA:43,0
DA:44,0
DA:45,0
DA:47,0
DA:52,0
DA:55,0
DA:56,0
DA:57,0
DA:69,0
DA:78,0
DA:80,0
LF:29
LH:6
BRDA:80,0,0,0
BRDA:80,0,1,0
BRF:2
BRH:0
end_of_record
TN:
SF:src\graphql\datasources\elasticSearchDataSource.ts
FN:8,(anonymous_0)
FN:21,(anonymous_1)
FN:21,(anonymous_2)
FN:41,(anonymous_3)
FN:41,(anonymous_4)
FN:63,(anonymous_5)
FN:63,(anonymous_6)
FN:79,(anonymous_7)
FNF:8
FNH:0
FNDA:0,(anonymous_0)
FNDA:0,(anonymous_1)
FNDA:0,(anonymous_2)
FNDA:0,(anonymous_3)
FNDA:0,(anonymous_4)
FNDA:0,(anonymous_5)
FNDA:0,(anonymous_6)
FNDA:0,(anonymous_7)
DA:1,1
DA:2,1
DA:3,1
DA:6,1
DA:9,0
DA:10,0
DA:21,0
DA:22,0
DA:32,0
DA:38,0
DA:41,0
DA:42,0
DA:54,0
DA:60,0
DA:63,0
DA:64,0
DA:73,0
DA:79,0
LF:18
LH:4
BRF:0
BRH:0
end_of_record
TN:
SF:src\graphql\datasources\index.ts
FNF:0
FNH:0
DA:1,1
DA:2,1
DA:3,1
DA:4,1
DA:5,1
DA:6,1
DA:7,1
DA:8,1
DA:9,1
DA:10,1
DA:11,1
DA:12,1
DA:13,1
DA:14,1
LF:14
LH:14
BRF:0
BRH:0
end_of_record
TN:
SF:src\graphql\datasources\mapbox.ts
FN:8,(anonymous_0)
FN:16,(anonymous_1)
FN:16,(anonymous_2)
FN:18,(anonymous_3)
FN:18,(anonymous_4)
FNF:5
FNH:0
FNDA:0,(anonymous_0)
FNDA:0,(anonymous_1)
FNDA:0,(anonymous_2)
FNDA:0,(anonymous_3)
FNDA:0,(anonymous_4)
DA:1,1
DA:2,1
DA:5,1
DA:6,0
DA:9,0
DA:10,0
DA:11,0
DA:16,0
DA:18,0
DA:19,0
LF:10
LH:3
BRF:0
BRH:0
end_of_record
TN:
SF:src\graphql\datasources\orderDataSource.ts
FN:14,(anonymous_0)
FN:19,(anonymous_1)
FN:19,(anonymous_2)
FN:27,(anonymous_3)
FN:27,(anonymous_4)
FN:58,(anonymous_5)
FN:78,(anonymous_6)
FN:78,(anonymous_7)
FN:96,(anonymous_8)
FN:119,(anonymous_9)
FN:119,(anonymous_10)
FN:136,(anonymous_11)
FN:136,(anonymous_12)
FN:145,(anonymous_13)
FN:145,(anonymous_14)
FN:161,(anonymous_15)
FN:172,(anonymous_16)
FNF:17
FNH:0
FNDA:0,(anonymous_0)
FNDA:0,(anonymous_1)
FNDA:0,(anonymous_2)
FNDA:0,(anonymous_3)
FNDA:0,(anonymous_4)
FNDA:0,(anonymous_5)
FNDA:0,(anonymous_6)
FNDA:0,(anonymous_7)
FNDA:0,(anonymous_8)
FNDA:0,(anonymous_9)
FNDA:0,(anonymous_10)
FNDA:0,(anonymous_11)
FNDA:0,(anonymous_12)
FNDA:0,(anonymous_13)
FNDA:0,(anonymous_14)
FNDA:0,(anonymous_15)
FNDA:0,(anonymous_16)
DA:4,1
DA:6,1
DA:7,1
DA:8,1
DA:11,1
DA:15,0
DA:16,0
DA:19,0
DA:20,0
DA:24,0
DA:27,0
DA:28,0
DA:35,0
DA:37,0
DA:48,0
DA:50,0
DA:59,0
DA:75,0
DA:78,0
DA:79,0
DA:80,0
DA:82,0
DA:96,0
DA:97,0
DA:116,0
DA:119,0
DA:120,0
DA:133,0
DA:136,0
DA:137,0
DA:142,0
DA:145,0
DA:146,0
DA:153,0
DA:162,0
DA:164,0
DA:173,0
DA:175,0
LF:38
LH:5
BRDA:164,0,0,0
BRDA:164,0,1,0
BRDA:175,1,0,0
BRDA:175,1,1,0
BRF:4
BRH:0
end_of_record
TN:
SF:src\graphql\datasources\politicalDivision.ts
FN:21,(anonymous_0)
FN:26,(anonymous_1)
FN:26,(anonymous_2)
FN:36,(anonymous_3)
FN:36,(anonymous_4)
FN:51,(anonymous_5)
FN:51,(anonymous_6)
FN:66,(anonymous_7)
FN:66,(anonymous_8)
FN:81,(anonymous_9)
FN:81,(anonymous_10)
FN:82,(anonymous_11)
FN:99,(anonymous_12)
FN:99,(anonymous_13)
FN:100,(anonymous_14)
FN:117,(anonymous_15)
FN:117,(anonymous_16)
FN:118,(anonymous_17)
FN:135,(anonymous_18)
FN:135,(anonymous_19)
FN:136,(anonymous_20)
FN:158,(anonymous_21)
FN:169,(anonymous_22)
FN:180,(anonymous_23)
FN:191,(anonymous_24)
FNF:25
FNH:0
FNDA:0,(anonymous_0)
FNDA:0,(anonymous_1)
FNDA:0,(anonymous_2)
FNDA:0,(anonymous_3)
FNDA:0,(anonymous_4)
FNDA:0,(anonymous_5)
FNDA:0,(anonymous_6)
FNDA:0,(anonymous_7)
FNDA:0,(anonymous_8)
FNDA:0,(anonymous_9)
FNDA:0,(anonymous_10)
FNDA:0,(anonymous_11)
FNDA:0,(anonymous_12)
FNDA:0,(anonymous_13)
FNDA:0,(anonymous_14)
FNDA:0,(anonymous_15)
FNDA:0,(anonymous_16)
FNDA:0,(anonymous_17)
FNDA:0,(anonymous_18)
FNDA:0,(anonymous_19)
FNDA:0,(anonymous_20)
FNDA:0,(anonymous_21)
FNDA:0,(anonymous_22)
FNDA:0,(anonymous_23)
FNDA:0,(anonymous_24)
DA:2,1
DA:13,1
DA:14,1
DA:15,1
DA:18,1
DA:22,0
DA:23,0
DA:26,0
DA:27,0
DA:31,0
DA:33,0
DA:36,0
DA:37,0
DA:46,0
DA:48,0
DA:51,0
DA:52,0
DA:61,0
DA:63,0
DA:66,0
DA:67,0
DA:76,0
DA:78,0
DA:81,0
DA:82,0
DA:83,0
DA:90,0
DA:96,0
DA:99,0
DA:100,0
DA:101,0
DA:108,0
DA:114,0
DA:117,0
DA:118,0
DA:119,0
DA:126,0
DA:132,0
DA:135,0
DA:136,0
DA:137,0
DA:144,0
DA:150,0
DA:159,0
DA:161,0
DA:170,0
DA:172,0
DA:181,0
DA:183,0
DA:192,0
DA:194,0
LF:51
LH:5
BRDA:161,0,0,0
BRDA:161,0,1,0
BRDA:172,1,0,0
BRDA:172,1,1,0
BRDA:183,2,0,0
BRDA:183,2,1,0
BRDA:194,3,0,0
BRDA:194,3,1,0
BRF:8
BRH:0
end_of_record
TN:
SF:src\graphql\datasources\productDataSource.ts
FN:13,(anonymous_0)
FN:18,(anonymous_1)
FN:18,(anonymous_2)
FN:26,(anonymous_3)
FN:26,(anonymous_4)
FN:39,(anonymous_5)
FN:39,(anonymous_6)
FN:58,(anonymous_7)
FN:58,(anonymous_8)
FN:78,(anonymous_9)
FN:78,(anonymous_10)
FN:117,(anonymous_11)
FNF:12
FNH:0
FNDA:0,(anonymous_0)
FNDA:0,(anonymous_1)
FNDA:0,(anonymous_2)
FNDA:0,(anonymous_3)
FNDA:0,(anonymous_4)
FNDA:0,(anonymous_5)
FNDA:0,(anonymous_6)
FNDA:0,(anonymous_7)
FNDA:0,(anonymous_8)
FNDA:0,(anonymous_9)
FNDA:0,(anonymous_10)
FNDA:0,(anonymous_11)
DA:2,1
DA:4,1
DA:5,1
DA:6,1
DA:7,1
DA:10,1
DA:14,0
DA:15,0
DA:18,0
DA:19,0
DA:23,0
DA:26,0
DA:27,0
DA:34,0
DA:36,0
DA:39,0
DA:40,0
DA:53,0
DA:55,0
DA:58,0
DA:59,0
DA:73,0
DA:75,0
DA:78,0
DA:79,0
DA:80,0
DA:88,0
DA:118,0
DA:120,0
LF:29
LH:6
BRDA:120,0,0,0
BRDA:120,0,1,0
BRF:2
BRH:0
end_of_record
TN:
SF:src\graphql\datasources\routeDataSource.ts
FN:15,(anonymous_0)
FN:21,(anonymous_1)
FN:21,(anonymous_2)
FN:28,(anonymous_3)
FN:28,(anonymous_4)
FN:65,(anonymous_5)
FNF:6
FNH:0
FNDA:0,(anonymous_0)
FNDA:0,(anonymous_1)
FNDA:0,(anonymous_2)
FNDA:0,(anonymous_3)
FNDA:0,(anonymous_4)
FNDA:0,(anonymous_5)
DA:2,1
DA:4,1
DA:5,1
DA:6,1
DA:7,1
DA:8,1
DA:9,1
DA:12,1
DA:16,0
DA:17,0
DA:18,0
DA:21,0
DA:22,0
DA:23,0
DA:24,0
DA:28,0
DA:29,0
DA:31,0
DA:32,0
DA:33,0
DA:35,0
DA:51,0
DA:57,0
DA:66,0
DA:68,0
LF:25
LH:8
BRDA:68,0,0,0
BRDA:68,0,1,0
BRF:2
BRH:0
end_of_record
TN:
SF:src\graphql\datasources\stockDataSource.ts
FN:14,(anonymous_0)
FN:19,(anonymous_1)
FN:19,(anonymous_2)
FN:27,(anonymous_3)
FN:27,(anonymous_4)
FN:41,(anonymous_5)
FN:41,(anonymous_6)
FN:60,(anonymous_7)
FN:60,(anonymous_8)
FN:73,(anonymous_9)
FN:73,(anonymous_10)
FN:99,(anonymous_11)
FNF:12
FNH:0
FNDA:0,(anonymous_0)
FNDA:0,(anonymous_1)
FNDA:0,(anonymous_2)
FNDA:0,(anonymous_3)
FNDA:0,(anonymous_4)
FNDA:0,(anonymous_5)
FNDA:0,(anonymous_6)
FNDA:0,(anonymous_7)
FNDA:0,(anonymous_8)
FNDA:0,(anonymous_9)
FNDA:0,(anonymous_10)
FNDA:0,(anonymous_11)
DA:2,1
DA:4,1
DA:5,1
DA:6,1
DA:8,1
DA:11,1
DA:15,0
DA:16,0
DA:19,0
DA:20,0
DA:24,0
DA:27,0
DA:28,0
DA:35,0
DA:36,0
DA:38,0
DA:41,0
DA:42,0
DA:56,0
DA:58,0
DA:60,0
DA:61,0
DA:62,0
DA:70,0
DA:73,0
DA:74,0
DA:91,0
DA:100,0
DA:102,0
LF:29
LH:6
BRDA:102,0,0,0
BRDA:102,0,1,0
BRF:2
BRH:0
end_of_record
TN:
SF:src\graphql\datasources\surveyDataSource.ts
FN:15,(anonymous_0)
FN:20,(anonymous_1)
FN:20,(anonymous_2)
FN:28,(anonymous_3)
FN:28,(anonymous_4)
FN:29,(anonymous_5)
FN:31,(anonymous_6)
FN:49,(anonymous_7)
FN:49,(anonymous_8)
FN:62,(anonymous_9)
FN:62,(anonymous_10)
FN:73,(anonymous_11)
FN:73,(anonymous_12)
FN:89,(anonymous_13)
FN:89,(anonymous_14)
FN:97,(anonymous_15)
FN:97,(anonymous_16)
FN:112,(anonymous_17)
FN:112,(anonymous_18)
FN:125,(anonymous_19)
FN:125,(anonymous_20)
FN:135,(anonymous_21)
FN:135,(anonymous_22)
FN:136,(anonymous_23)
FN:153,(anonymous_24)
FN:153,(anonymous_25)
FN:175,(anonymous_26)
FN:175,(anonymous_27)
FN:183,(anonymous_28)
FN:183,(anonymous_29)
FN:201,(anonymous_30)
FN:201,(anonymous_31)
FN:214,(anonymous_32)
FN:214,(anonymous_33)
FN:228,(anonymous_34)
FN:228,(anonymous_35)
FN:231,(anonymous_36)
FN:233,(anonymous_37)
FN:250,(anonymous_38)
FN:251,(anonymous_39)
FN:252,(anonymous_40)
FN:272,(anonymous_41)
FN:272,(anonymous_42)
FN:282,(anonymous_43)
FN:282,(anonymous_44)
FN:284,(anonymous_45)
FN:285,(anonymous_46)
FN:302,(anonymous_47)
FN:302,(anonymous_48)
FN:318,(anonymous_49)
FN:318,(anonymous_50)
FN:346,(anonymous_51)
FN:357,(anonymous_52)
FN:368,(anonymous_53)
FNF:54
FNH:0
FNDA:0,(anonymous_0)
FNDA:0,(anonymous_1)
FNDA:0,(anonymous_2)
FNDA:0,(anonymous_3)
FNDA:0,(anonymous_4)
FNDA:0,(anonymous_5)
FNDA:0,(anonymous_6)
FNDA:0,(anonymous_7)
FNDA:0,(anonymous_8)
FNDA:0,(anonymous_9)
FNDA:0,(anonymous_10)
FNDA:0,(anonymous_11)
FNDA:0,(anonymous_12)
FNDA:0,(anonymous_13)
FNDA:0,(anonymous_14)
FNDA:0,(anonymous_15)
FNDA:0,(anonymous_16)
FNDA:0,(anonymous_17)
FNDA:0,(anonymous_18)
FNDA:0,(anonymous_19)
FNDA:0,(anonymous_20)
FNDA:0,(anonymous_21)
FNDA:0,(anonymous_22)
FNDA:0,(anonymous_23)
FNDA:0,(anonymous_24)
FNDA:0,(anonymous_25)
FNDA:0,(anonymous_26)
FNDA:0,(anonymous_27)
FNDA:0,(anonymous_28)
FNDA:0,(anonymous_29)
FNDA:0,(anonymous_30)
FNDA:0,(anonymous_31)
FNDA:0,(anonymous_32)
FNDA:0,(anonymous_33)
FNDA:0,(anonymous_34)
FNDA:0,(anonymous_35)
FNDA:0,(anonymous_36)
FNDA:0,(anonymous_37)
FNDA:0,(anonymous_38)
FNDA:0,(anonymous_39)
FNDA:0,(anonymous_40)
FNDA:0,(anonymous_41)
FNDA:0,(anonymous_42)
FNDA:0,(anonymous_43)
FNDA:0,(anonymous_44)
FNDA:0,(anonymous_45)
FNDA:0,(anonymous_46)
FNDA:0,(anonymous_47)
FNDA:0,(anonymous_48)
FNDA:0,(anonymous_49)
FNDA:0,(anonymous_50)
FNDA:0,(anonymous_51)
FNDA:0,(anonymous_52)
FNDA:0,(anonymous_53)
DA:4,1
DA:6,1
DA:7,1
DA:8,1
DA:9,1
DA:10,1
DA:13,1
DA:16,0
DA:17,0
DA:20,0
DA:21,0
DA:25,0
DA:28,0
DA:29,0
DA:30,0
DA:31,0
DA:32,0
DA:33,0
DA:36,0
DA:46,0
DA:49,0
DA:50,0
DA:57,0
DA:59,0
DA:62,0
DA:63,0
DA:65,0
DA:70,0
DA:73,0
DA:74,0
DA:86,0
DA:89,0
DA:90,0
DA:94,0
DA:97,0
DA:98,0
DA:107,0
DA:109,0
DA:112,0
DA:113,0
DA:120,0
DA:122,0
DA:125,0
DA:126,0
DA:127,0
DA:132,0
DA:135,0
DA:136,0
DA:137,0
DA:144,0
DA:150,0
DA:153,0
DA:154,0
DA:172,0
DA:175,0
DA:176,0
DA:180,0
DA:183,0
DA:184,0
DA:196,0
DA:198,0
DA:201,0
DA:202,0
DA:211,0
DA:214,0
DA:215,0
DA:225,0
DA:228,0
DA:229,0
DA:231,0
DA:232,0
DA:233,0
DA:234,0
DA:235,0
DA:238,0
DA:247,0
DA:249,0
DA:250,0
DA:251,0
DA:252,0
DA:253,0
DA:269,0
DA:272,0
DA:273,0
DA:274,0
DA:279,0
DA:282,0
DA:283,0
DA:284,0
DA:286,0
DA:293,0
DA:299,0
DA:302,0
DA:303,0
DA:315,0
DA:318,0
DA:319,0
DA:321,0
DA:322,0
DA:323,0
DA:324,0
DA:334,0
DA:337,0
DA:347,0
DA:349,0
DA:358,0
DA:360,0
DA:369,0
DA:371,0
LF:109
LH:7
BRDA:349,0,0,0
BRDA:349,0,1,0
BRDA:360,1,0,0
BRDA:360,1,1,0
BRDA:371,2,0,0
BRDA:371,2,1,0
BRF:6
BRH:0
end_of_record
TN:
SF:src\graphql\datasources\userDataSource.ts
FN:18,(anonymous_0)
FN:23,(anonymous_1)
FN:23,(anonymous_2)
FN:32,(anonymous_3)
FN:32,(anonymous_4)
FN:71,(anonymous_5)
FN:71,(anonymous_6)
FN:87,(anonymous_7)
FN:87,(anonymous_8)
FN:113,(anonymous_9)
FN:113,(anonymous_10)
FN:136,(anonymous_11)
FN:136,(anonymous_12)
FN:159,(anonymous_13)
FNF:14
FNH:1
FNDA:1,(anonymous_0)
FNDA:0,(anonymous_1)
FNDA:0,(anonymous_2)
FNDA:0,(anonymous_3)
FNDA:0,(anonymous_4)
FNDA:0,(anonymous_5)
FNDA:0,(anonymous_6)
FNDA:0,(anonymous_7)
FNDA:0,(anonymous_8)
FNDA:0,(anonymous_9)
FNDA:0,(anonymous_10)
FNDA:0,(anonymous_11)
FNDA:0,(anonymous_12)
FNDA:0,(anonymous_13)
DA:2,1
DA:3,1
DA:4,1
DA:5,1
DA:7,1
DA:8,1
DA:10,1
DA:11,1
DA:12,1
DA:15,1
DA:19,1
DA:20,1
DA:23,1
DA:24,0
DA:27,0
DA:29,0
DA:32,1
DA:33,0
DA:48,0
DA:50,0
DA:51,0
DA:54,0
DA:55,0
DA:58,0
DA:59,0
DA:60,0
DA:61,0
DA:62,0
DA:64,0
DA:65,0
DA:68,0
DA:71,1
DA:72,0
DA:82,0
DA:84,0
DA:87,1
DA:88,0
DA:90,0
DA:91,0
DA:93,0
DA:102,0
DA:104,0
DA:105,0
DA:110,0
DA:113,1
DA:114,0
DA:116,0
DA:118,0
DA:119,0
DA:122,0
DA:123,0
DA:126,0
DA:128,0
DA:133,0
DA:136,1
DA:137,0
DA:138,0
DA:151,0
DA:160,0
DA:162,0
LF:60
LH:18
BRDA:50,0,0,0
BRDA:50,0,1,0
BRDA:54,1,0,0
BRDA:54,1,1,0
BRDA:64,2,0,0
BRDA:64,2,1,0
BRDA:90,3,0,0
BRDA:90,3,1,0
BRDA:118,4,0,0
BRDA:118,4,1,0
BRDA:122,5,0,0
BRDA:122,5,1,0
BRDA:162,6,0,0
BRDA:162,6,1,0
BRF:14
BRH:0
end_of_record
TN:
SF:src\graphql\datasources\userLocationsDataSource.ts
FN:14,(anonymous_0)
FN:19,(anonymous_1)
FN:19,(anonymous_2)
FN:27,(anonymous_3)
FN:27,(anonymous_4)
FN:41,(anonymous_5)
FN:41,(anonymous_6)
FN:49,(anonymous_7)
FN:49,(anonymous_8)
FN:81,(anonymous_9)
FNF:10
FNH:0
FNDA:0,(anonymous_0)
FNDA:0,(anonymous_1)
FNDA:0,(anonymous_2)
FNDA:0,(anonymous_3)
FNDA:0,(anonymous_4)
FNDA:0,(anonymous_5)
FNDA:0,(anonymous_6)
FNDA:0,(anonymous_7)
FNDA:0,(anonymous_8)
FNDA:0,(anonymous_9)
DA:2,1
DA:4,1
DA:5,1
DA:6,1
DA:7,1
DA:8,1
DA:11,1
DA:15,0
DA:16,0
DA:19,0
DA:20,0
DA:24,0
DA:27,0
DA:28,0
DA:36,0
DA:38,0
DA:41,0
DA:42,0
DA:43,0
DA:44,0
DA:45,0
DA:49,0
DA:50,0
DA:52,0
DA:53,0
DA:55,0
DA:67,0
DA:73,0
DA:82,0
DA:84,0
LF:30
LH:7
BRDA:84,0,0,0
BRDA:84,0,1,0
BRF:2
BRH:0
end_of_record
TN:
SF:src\graphql\directives\FormattableDate.ts
FN:6,(anonymous_0)
FN:15,(anonymous_1)
FNF:2
FNH:1
FNDA:25,(anonymous_0)
FNDA:0,(anonymous_1)
DA:1,1
DA:2,1
DA:3,1
DA:5,1
DA:7,25
DA:8,25
DA:10,25
DA:15,25
DA:16,0
DA:18,0
DA:19,0
DA:22,0
DA:25,25
LF:13
LH:9
BRDA:7,0,0,25
BRDA:18,1,0,0
BRDA:18,1,1,0
BRDA:22,2,0,0
BRDA:22,2,1,0
BRF:5
BRH:1
end_of_record
TN:
SF:src\graphql\directives\auth.ts
FN:6,(anonymous_0)
FN:8,(anonymous_1)
FNF:2
FNH:2
FNDA:76,(anonymous_0)
FNDA:1,(anonymous_1)
DA:1,1
DA:2,1
DA:3,1
DA:5,1
DA:7,76
DA:8,76
DA:9,1
DA:10,1
DA:11,1
DA:12,1
DA:20,0
LF:11
LH:10
BRDA:7,0,0,5
BRDA:11,1,0,1
BRDA:11,1,1,0
BRDA:11,2,0,1
BRDA:11,2,1,1
BRF:5
BRH:4
end_of_record
TN:
SF:src\graphql\directives\index.ts
FNF:0
FNH:0
DA:1,1
DA:2,1
DA:4,1
LF:3
LH:3
BRF:0
BRH:0
end_of_record
TN:
SF:src\graphql\resolvers\agenda.ts
FN:23,(anonymous_0)
FN:23,(anonymous_1)
FN:25,(anonymous_2)
FN:25,(anonymous_3)
FN:50,(anonymous_4)
FN:50,(anonymous_5)
FN:52,(anonymous_6)
FN:52,(anonymous_7)
FN:58,(anonymous_8)
FN:58,(anonymous_9)
FN:65,(anonymous_10)
FN:65,(anonymous_11)
FN:69,(anonymous_12)
FN:69,(anonymous_13)
FN:83,(anonymous_14)
FN:83,(anonymous_15)
FN:98,(anonymous_16)
FN:98,(anonymous_17)
FN:111,(anonymous_18)
FN:111,(anonymous_19)
FNF:20
FNH:0
FNDA:0,(anonymous_0)
FNDA:0,(anonymous_1)
FNDA:0,(anonymous_2)
FNDA:0,(anonymous_3)
FNDA:0,(anonymous_4)
FNDA:0,(anonymous_5)
FNDA:0,(anonymous_6)
FNDA:0,(anonymous_7)
FNDA:0,(anonymous_8)
FNDA:0,(anonymous_9)
FNDA:0,(anonymous_10)
FNDA:0,(anonymous_11)
FNDA:0,(anonymous_12)
FNDA:0,(anonymous_13)
FNDA:0,(anonymous_14)
FNDA:0,(anonymous_15)
FNDA:0,(anonymous_16)
FNDA:0,(anonymous_17)
FNDA:0,(anonymous_18)
FNDA:0,(anonymous_19)
DA:19,1
DA:21,1
DA:23,0
DA:24,0
DA:25,0
DA:26,0
DA:28,0
DA:50,0
DA:51,0
DA:52,0
DA:53,0
DA:58,0
DA:59,0
DA:65,0
DA:66,0
DA:69,0
DA:70,0
DA:73,0
DA:74,0
DA:76,0
DA:78,0
DA:81,0
DA:83,0
DA:84,0
DA:87,0
DA:88,0
DA:90,0
DA:92,0
DA:96,0
DA:98,0
DA:100,0
DA:101,0
DA:102,0
DA:104,0
DA:106,0
DA:109,0
DA:111,0
DA:112,0
DA:118,1
LF:39
LH:3
BRF:0
BRH:0
end_of_record
TN:
SF:src\graphql\resolvers\answers.ts
FN:14,(anonymous_0)
FN:14,(anonymous_1)
FN:19,(anonymous_2)
FN:19,(anonymous_3)
FN:24,(anonymous_4)
FN:24,(anonymous_5)
FN:34,(anonymous_6)
FN:34,(anonymous_7)
FN:35,(anonymous_8)
FN:35,(anonymous_9)
FN:39,(anonymous_10)
FN:39,(anonymous_11)
FN:53,(anonymous_12)
FN:53,(anonymous_13)
FN:72,(anonymous_14)
FN:72,(anonymous_15)
FNF:16
FNH:0
FNDA:0,(anonymous_0)
FNDA:0,(anonymous_1)
FNDA:0,(anonymous_2)
FNDA:0,(anonymous_3)
FNDA:0,(anonymous_4)
FNDA:0,(anonymous_5)
FNDA:0,(anonymous_6)
FNDA:0,(anonymous_7)
FNDA:0,(anonymous_8)
FNDA:0,(anonymous_9)
FNDA:0,(anonymous_10)
FNDA:0,(anonymous_11)
FNDA:0,(anonymous_12)
FNDA:0,(anonymous_13)
FNDA:0,(anonymous_14)
FNDA:0,(anonymous_15)
DA:12,1
DA:14,0
DA:15,0
DA:17,0
DA:19,0
DA:20,0
DA:22,0
DA:24,0
DA:25,0
DA:30,0
DA:34,0
DA:35,0
DA:36,0
DA:39,0
DA:41,0
DA:42,0
DA:43,0
DA:45,0
DA:46,0
DA:48,0
DA:51,0
DA:53,0
DA:55,0
DA:56,0
DA:57,0
DA:62,0
DA:64,0
DA:65,0
DA:67,0
DA:70,0
DA:72,0
DA:74,0
DA:75,0
DA:76,0
DA:78,0
DA:79,0
DA:81,0
DA:87,1
LF:38
LH:2
BRF:0
BRH:0
end_of_record
TN:
SF:src\graphql\resolvers\campaign.ts
FN:14,(anonymous_0)
FN:14,(anonymous_1)
FN:16,(anonymous_2)
FN:16,(anonymous_3)
FN:19,(anonymous_4)
FN:19,(anonymous_5)
FN:32,(anonymous_6)
FN:32,(anonymous_7)
FNF:8
FNH:0
FNDA:0,(anonymous_0)
FNDA:0,(anonymous_1)
FNDA:0,(anonymous_2)
FNDA:0,(anonymous_3)
FNDA:0,(anonymous_4)
FNDA:0,(anonymous_5)
FNDA:0,(anonymous_6)
FNDA:0,(anonymous_7)
DA:12,1
DA:14,0
DA:15,0
DA:16,0
DA:19,0
DA:21,0
DA:22,0
DA:23,0
DA:25,0
DA:27,0
DA:30,0
DA:32,0
DA:34,0
DA:35,0
DA:36,0
DA:38,0
DA:40,0
DA:43,0
DA:48,1
LF:19
LH:2
BRF:0
BRH:0
end_of_record
TN:
SF:src\graphql\resolvers\car.ts
FN:7,(anonymous_0)
FN:15,(anonymous_1)
FNF:2
FNH:0
FNDA:0,(anonymous_0)
FNDA:0,(anonymous_1)
DA:5,1
DA:8,0
DA:10,0
DA:16,0
DA:18,0
DA:23,1
LF:6
LH:2
BRF:0
BRH:0
end_of_record
TN:
SF:src\graphql\resolvers\category.ts
FN:10,(anonymous_0)
FN:10,(anonymous_1)
FN:14,(anonymous_2)
FN:14,(anonymous_3)
FNF:4
FNH:0
FNDA:0,(anonymous_0)
FNDA:0,(anonymous_1)
FNDA:0,(anonymous_2)
FNDA:0,(anonymous_3)
DA:8,1
DA:10,0
DA:11,0
DA:14,0
DA:16,0
DA:17,0
DA:18,0
DA:20,0
DA:22,0
DA:25,0
DA:30,1
LF:11
LH:2
BRF:0
BRH:0
end_of_record
TN:
SF:src\graphql\resolvers\company.ts
FN:6,(anonymous_0)
FN:6,(anonymous_1)
FN:8,(anonymous_2)
FN:8,(anonymous_3)
FN:11,(anonymous_4)
FN:11,(anonymous_5)
FN:24,(anonymous_6)
FN:24,(anonymous_7)
FNF:8
FNH:0
FNDA:0,(anonymous_0)
FNDA:0,(anonymous_1)
FNDA:0,(anonymous_2)
FNDA:0,(anonymous_3)
FNDA:0,(anonymous_4)
FNDA:0,(anonymous_5)
FNDA:0,(anonymous_6)
FNDA:0,(anonymous_7)
DA:4,1
DA:6,0
DA:7,0
DA:8,0
DA:11,0
DA:13,0
DA:14,0
DA:15,0
DA:17,0
DA:19,0
DA:22,0
DA:24,0
DA:26,0
DA:27,0
DA:28,0
DA:30,0
DA:32,0
DA:38,1
LF:18
LH:2
BRF:0
BRH:0
end_of_record
TN:
SF:src\graphql\resolvers\elasticSearch.ts
FN:12,(anonymous_0)
FN:12,(anonymous_1)
FN:17,(anonymous_2)
FN:17,(anonymous_3)
FN:26,(anonymous_4)
FN:26,(anonymous_5)
FN:38,(anonymous_6)
FN:38,(anonymous_7)
FNF:8
FNH:0
FNDA:0,(anonymous_0)
FNDA:0,(anonymous_1)
FNDA:0,(anonymous_2)
FNDA:0,(anonymous_3)
FNDA:0,(anonymous_4)
FNDA:0,(anonymous_5)
FNDA:0,(anonymous_6)
FNDA:0,(anonymous_7)
DA:10,1
DA:12,0
DA:13,0
DA:17,0
DA:18,0
DA:26,0
DA:27,0
DA:34,0
DA:38,0
DA:39,0
DA:46,0
DA:53,1
LF:12
LH:2
BRF:0
BRH:0
end_of_record
TN:
SF:src\graphql\resolvers\mapboxAPI.ts
FN:6,(anonymous_0)
FN:6,(anonymous_1)
FN:8,(anonymous_2)
FN:8,(anonymous_3)
FNF:4
FNH:0
FNDA:0,(anonymous_0)
FNDA:0,(anonymous_1)
FNDA:0,(anonymous_2)
FNDA:0,(anonymous_3)
DA:4,1
DA:6,0
DA:7,0
DA:8,0
DA:9,0
DA:13,1
LF:6
LH:2
BRF:0
BRH:0
end_of_record
TN:
SF:src\graphql\resolvers\order.ts
FN:14,(anonymous_0)
FN:14,(anonymous_1)
FN:19,(anonymous_2)
FN:19,(anonymous_3)
FN:23,(anonymous_4)
FN:23,(anonymous_5)
FN:26,(anonymous_6)
FN:26,(anonymous_7)
FN:49,(anonymous_8)
FN:49,(anonymous_9)
FNF:10
FNH:0
FNDA:0,(anonymous_0)
FNDA:0,(anonymous_1)
FNDA:0,(anonymous_2)
FNDA:0,(anonymous_3)
FNDA:0,(anonymous_4)
FNDA:0,(anonymous_5)
FNDA:0,(anonymous_6)
FNDA:0,(anonymous_7)
FNDA:0,(anonymous_8)
FNDA:0,(anonymous_9)
DA:10,1
DA:12,1
DA:14,0
DA:15,0
DA:17,0
DA:19,0
DA:20,0
DA:23,0
DA:26,0
DA:28,0
DA:29,0
DA:30,0
DA:31,0
DA:38,0
DA:39,0
DA:41,0
DA:42,0
DA:44,0
DA:47,0
DA:49,0
DA:51,0
DA:52,0
DA:53,0
DA:55,0
DA:56,0
DA:58,0
DA:64,1
LF:27
LH:3
BRF:0
BRH:0
end_of_record
TN:
SF:src\graphql\resolvers\politicalDivision.ts
FN:15,(anonymous_0)
FN:15,(anonymous_1)
FN:19,(anonymous_2)
FN:19,(anonymous_3)
FN:21,(anonymous_4)
FN:21,(anonymous_5)
FN:23,(anonymous_6)
FN:23,(anonymous_7)
FN:25,(anonymous_8)
FN:25,(anonymous_9)
FN:27,(anonymous_10)
FN:27,(anonymous_11)
FN:42,(anonymous_12)
FN:42,(anonymous_13)
FN:57,(anonymous_14)
FN:57,(anonymous_15)
FN:72,(anonymous_16)
FN:72,(anonymous_17)
FNF:18
FNH:0
FNDA:0,(anonymous_0)
FNDA:0,(anonymous_1)
FNDA:0,(anonymous_2)
FNDA:0,(anonymous_3)
FNDA:0,(anonymous_4)
FNDA:0,(anonymous_5)
FNDA:0,(anonymous_6)
FNDA:0,(anonymous_7)
FNDA:0,(anonymous_8)
FNDA:0,(anonymous_9)
FNDA:0,(anonymous_10)
FNDA:0,(anonymous_11)
FNDA:0,(anonymous_12)
FNDA:0,(anonymous_13)
FNDA:0,(anonymous_14)
FNDA:0,(anonymous_15)
FNDA:0,(anonymous_16)
FNDA:0,(anonymous_17)
DA:13,1
DA:15,0
DA:16,0
DA:19,0
DA:20,0
DA:21,0
DA:22,0
DA:23,0
DA:24,0
DA:25,0
DA:26,0
DA:27,0
DA:28,0
DA:31,0
DA:32,0
DA:33,0
DA:35,0
DA:37,0
DA:40,0
DA:42,0
DA:43,0
DA:46,0
DA:47,0
DA:48,0
DA:50,0
DA:52,0
DA:55,0
DA:57,0
DA:58,0
DA:61,0
DA:62,0
DA:63,0
DA:65,0
DA:67,0
DA:70,0
DA:72,0
DA:73,0
DA:76,0
DA:77,0
DA:78,0
DA:80,0
DA:82,0
DA:85,0
DA:90,1
LF:44
LH:2
BRF:0
BRH:0
end_of_record
TN:
SF:src\graphql\resolvers\product.ts
FN:16,(anonymous_0)
FN:16,(anonymous_1)
FN:18,(anonymous_2)
FN:18,(anonymous_3)
FNF:4
FNH:0
FNDA:0,(anonymous_0)
FNDA:0,(anonymous_1)
FNDA:0,(anonymous_2)
FNDA:0,(anonymous_3)
DA:14,1
DA:16,0
DA:17,0
DA:18,0
DA:20,0
DA:21,0
DA:22,0
DA:24,0
DA:26,0
DA:29,0
DA:34,1
LF:11
LH:2
BRF:0
BRH:0
end_of_record
TN:
SF:src\graphql\resolvers\questions.ts
FN:12,(anonymous_0)
FN:12,(anonymous_1)
FN:17,(anonymous_2)
FN:17,(anonymous_3)
FN:21,(anonymous_4)
FN:21,(anonymous_5)
FN:43,(anonymous_6)
FN:43,(anonymous_7)
FN:65,(anonymous_8)
FN:65,(anonymous_9)
FNF:10
FNH:0
FNDA:0,(anonymous_0)
FNDA:0,(anonymous_1)
FNDA:0,(anonymous_2)
FNDA:0,(anonymous_3)
FNDA:0,(anonymous_4)
FNDA:0,(anonymous_5)
FNDA:0,(anonymous_6)
FNDA:0,(anonymous_7)
FNDA:0,(anonymous_8)
FNDA:0,(anonymous_9)
DA:10,1
DA:12,0
DA:13,0
DA:15,0
DA:17,0
DA:18,0
DA:21,0
DA:23,0
DA:24,0
DA:25,0
DA:31,0
DA:32,0
DA:38,0
DA:41,0
DA:43,0
DA:45,0
DA:46,0
DA:47,0
DA:53,0
DA:54,0
DA:60,0
DA:63,0
DA:65,0
DA:67,0
DA:68,0
DA:69,0
DA:75,0
DA:76,0
DA:82,0
DA:88,1
LF:30
LH:2
BRF:0
BRH:0
end_of_record
TN:
SF:src\graphql\resolvers\route.ts
FN:11,(anonymous_0)
FN:11,(anonymous_1)
FN:13,(anonymous_2)
FN:13,(anonymous_3)
FN:16,(anonymous_4)
FN:16,(anonymous_5)
FN:29,(anonymous_6)
FN:29,(anonymous_7)
FNF:8
FNH:0
FNDA:0,(anonymous_0)
FNDA:0,(anonymous_1)
FNDA:0,(anonymous_2)
FNDA:0,(anonymous_3)
FNDA:0,(anonymous_4)
FNDA:0,(anonymous_5)
FNDA:0,(anonymous_6)
FNDA:0,(anonymous_7)
DA:9,1
DA:11,0
DA:12,0
DA:13,0
DA:16,0
DA:18,0
DA:19,0
DA:20,0
DA:22,0
DA:24,0
DA:27,0
DA:29,0
DA:31,0
DA:32,0
DA:33,0
DA:35,0
DA:37,0
DA:40,0
DA:45,1
LF:19
LH:2
BRF:0
BRH:0
end_of_record
TN:
SF:src\graphql\resolvers\stock.ts
FN:13,(anonymous_0)
FN:13,(anonymous_1)
FN:17,(anonymous_2)
FN:17,(anonymous_3)
FN:30,(anonymous_4)
FN:30,(anonymous_5)
FN:41,(anonymous_6)
FN:41,(anonymous_7)
FN:43,(anonymous_8)
FN:43,(anonymous_9)
FNF:10
FNH:0
FNDA:0,(anonymous_0)
FNDA:0,(anonymous_1)
FNDA:0,(anonymous_2)
FNDA:0,(anonymous_3)
FNDA:0,(anonymous_4)
FNDA:0,(anonymous_5)
FNDA:0,(anonymous_6)
FNDA:0,(anonymous_7)
FNDA:0,(anonymous_8)
FNDA:0,(anonymous_9)
DA:11,1
DA:13,0
DA:14,0
DA:17,0
DA:19,0
DA:20,0
DA:21,0
DA:23,0
DA:25,0
DA:28,0
DA:30,0
DA:32,0
DA:33,0
DA:34,0
DA:36,0
DA:38,0
DA:41,0
DA:42,0
DA:43,0
DA:44,0
DA:48,1
LF:21
LH:2
BRF:0
BRH:0
end_of_record
TN:
SF:src\graphql\resolvers\survey.ts
FN:12,(anonymous_0)
FN:12,(anonymous_1)
FN:17,(anonymous_2)
FN:17,(anonymous_3)
FN:24,(anonymous_4)
FN:24,(anonymous_5)
FN:37,(anonymous_6)
FN:37,(anonymous_7)
FNF:8
FNH:0
FNDA:0,(anonymous_0)
FNDA:0,(anonymous_1)
FNDA:0,(anonymous_2)
FNDA:0,(anonymous_3)
FNDA:0,(anonymous_4)
FNDA:0,(anonymous_5)
FNDA:0,(anonymous_6)
FNDA:0,(anonymous_7)
DA:10,1
DA:12,0
DA:13,0
DA:15,0
DA:17,0
DA:18,0
DA:20,0
DA:24,0
DA:26,0
DA:27,0
DA:28,0
DA:30,0
DA:32,0
DA:35,0
DA:37,0
DA:39,0
DA:40,0
DA:41,0
DA:43,0
DA:45,0
DA:51,1
LF:21
LH:2
BRF:0
BRH:0
end_of_record
TN:
SF:src\graphql\resolvers\train.ts
FN:7,(anonymous_0)
FNF:1
FNH:0
FNDA:0,(anonymous_0)
DA:5,1
DA:8,0
DA:10,0
DA:15,1
LF:4
LH:2
BRF:0
BRH:0
end_of_record
TN:
SF:src\graphql\resolvers\user.ts
FN:16,(anonymous_0)
FN:16,(anonymous_1)
FN:21,(anonymous_2)
FN:21,(anonymous_3)
FN:28,(anonymous_4)
FN:28,(anonymous_5)
FN:43,(anonymous_6)
FN:43,(anonymous_7)
FN:49,(anonymous_8)
FN:49,(anonymous_9)
FN:63,(anonymous_10)
FN:63,(anonymous_11)
FNF:12
FNH:0
FNDA:0,(anonymous_0)
FNDA:0,(anonymous_1)
FNDA:0,(anonymous_2)
FNDA:0,(anonymous_3)
FNDA:0,(anonymous_4)
FNDA:0,(anonymous_5)
FNDA:0,(anonymous_6)
FNDA:0,(anonymous_7)
FNDA:0,(anonymous_8)
FNDA:0,(anonymous_9)
FNDA:0,(anonymous_10)
FNDA:0,(anonymous_11)
DA:11,1
DA:14,1
DA:16,0
DA:17,0
DA:19,0
DA:21,0
DA:22,0
DA:24,0
DA:28,0
DA:29,0
DA:31,0
DA:32,0
DA:33,0
DA:34,0
DA:36,0
DA:38,0
DA:41,0
DA:43,0
DA:45,0
DA:47,0
DA:49,0
DA:51,0
DA:52,0
DA:53,0
DA:54,0
DA:56,0
DA:58,0
DA:61,0
DA:63,0
DA:64,0
DA:68,1
LF:31
LH:3
BRF:0
BRH:0
end_of_record
TN:
SF:src\graphql\resolvers\userLocations.ts
FN:6,(anonymous_0)
FN:6,(anonymous_1)
FN:13,(anonymous_2)
FN:13,(anonymous_3)
FNF:4
FNH:0
FNDA:0,(anonymous_0)
FNDA:0,(anonymous_1)
FNDA:0,(anonymous_2)
FNDA:0,(anonymous_3)
DA:4,1
DA:6,0
DA:7,0
DA:9,0
DA:13,0
DA:15,0
DA:16,0
DA:17,0
DA:19,0
DA:20,0
DA:22,0
DA:25,0
DA:30,1
LF:13
LH:2
BRF:0
BRH:0
end_of_record
TN:
SF:src\graphql\schema\schema.ts
FNF:0
FNH:0
DA:1,1
DA:2,1
DA:4,1
DA:5,1
DA:6,1
DA:8,1
DA:9,1
DA:10,1
DA:11,1
DA:13,1
DA:19,1
LF:11
LH:11
BRF:0
BRH:0
end_of_record
TN:
SF:src\lib\arrays\chunk.ts
FN:6,(anonymous_0)
FNF:1
FNH:0
FNDA:0,(anonymous_0)
DA:6,1
DA:7,0
DA:8,0
DA:9,0
DA:11,0
DA:12,0
DA:13,0
DA:16,0
DA:19,1
LF:9
LH:2
BRF:0
BRH:0
end_of_record
TN:
SF:src\lib\auth\index.ts
FN:16,(anonymous_0)
FN:16,(anonymous_1)
FN:28,(anonymous_2)
FN:28,(anonymous_3)
FN:32,(anonymous_4)
FN:32,(anonymous_5)
FN:46,(anonymous_6)
FN:46,(anonymous_7)
FN:80,(anonymous_8)
FN:80,(anonymous_9)
FN:100,(anonymous_10)
FN:100,(anonymous_11)
FNF:12
FNH:0
FNDA:0,(anonymous_0)
FNDA:0,(anonymous_1)
FNDA:0,(anonymous_2)
FNDA:0,(anonymous_3)
FNDA:0,(anonymous_4)
FNDA:0,(anonymous_5)
FNDA:0,(anonymous_6)
FNDA:0,(anonymous_7)
FNDA:0,(anonymous_8)
FNDA:0,(anonymous_9)
FNDA:0,(anonymous_10)
FNDA:0,(anonymous_11)
DA:1,1
DA:2,1
DA:9,1
DA:16,1
DA:17,0
DA:19,0
DA:28,1
DA:29,0
DA:32,1
DA:33,0
DA:46,1
DA:47,0
DA:48,0
DA:49,0
DA:51,0
DA:59,0
DA:66,0
DA:67,0
DA:70,0
DA:80,1
DA:81,0
DA:82,0
DA:84,0
DA:92,0
DA:100,1
DA:101,0
DA:102,0
DA:106,0
DA:108,0
LF:29
LH:9
BRDA:48,0,0,0
BRDA:48,0,1,0
BRDA:66,1,0,0
BRDA:66,1,1,0
BRDA:81,2,0,0
BRDA:81,2,1,0
BRF:6
BRH:0
end_of_record
TN:
SF:src\lib\errors\NotFoundError.ts
FN:14,(anonymous_0)
FNF:1
FNH:0
FNDA:0,(anonymous_0)
DA:8,1
DA:15,0
DA:16,0
LF:3
LH:1
BRDA:14,0,0,0
BRF:1
BRH:0
end_of_record
TN:
SF:src\lib\errors\RegisteredUserError.ts
FN:14,(anonymous_0)
FNF:1
FNH:0
FNDA:0,(anonymous_0)
DA:8,1
DA:15,0
DA:16,0
LF:3
LH:1
BRDA:14,0,0,0
BRF:1
BRH:0
end_of_record
TN:
SF:src\lib\factories\AwsSdkFactory.ts
FN:18,(anonymous_0)
FNF:1
FNH:1
FNDA:1,(anonymous_0)
DA:1,1
DA:3,1
DA:11,1
DA:19,1
DA:21,0
DA:28,0
DA:31,1
LF:7
LH:5
BRDA:19,0,0,0
BRDA:19,0,1,1
BRF:2
BRH:1
end_of_record
TN:
SF:src\lib\geoJsonTools\featureCollection.ts
FN:3,(anonymous_0)
FN:9,(anonymous_1)
FNF:2
FNH:0
FNDA:0,(anonymous_0)
FNDA:0,(anonymous_1)
DA:3,1
DA:4,0
DA:9,0
DA:10,0
DA:28,0
LF:5
LH:1
BRDA:19,0,0,0
BRDA:19,0,1,0
BRDA:20,1,0,0
BRDA:20,1,1,0
BRDA:21,2,0,0
BRDA:21,2,1,0
BRDA:22,3,0,0
BRDA:22,3,1,0
BRF:8
BRH:0
end_of_record
TN:
SF:src\lib\infrastructures\Environment.ts
FN:14,(anonymous_0)
FNF:1
FNH:1
FNDA:1,(anonymous_0)
DA:7,1
DA:15,1
DA:16,0
DA:19,1
LF:4
LH:3
BRDA:15,0,0,0
BRDA:15,0,1,1
BRF:2
BRH:1
end_of_record
TN:
SF:src\lib\timezone\index.ts
FN:3,(anonymous_0)
FN:9,(anonymous_1)
FN:15,(anonymous_2)
FNF:3
FNH:0
FNDA:0,(anonymous_0)
FNDA:0,(anonymous_1)
FNDA:0,(anonymous_2)
DA:1,1
DA:3,1
DA:4,0
DA:9,1
DA:10,0
DA:15,1
DA:16,0
DA:21,1
LF:8
LH:5
BRF:0
BRH:0
end_of_record
